Training arguments Namespace(adam_epsilon=1e-08, distributed_backend=None, early_stop_callback=False, fp_16=False, max_grad_norm=1.0, n_gpu=-1, num_workers=8, opt_level='O1', warmup_steps=0, weight_decay=0.0)
--------------------
Model arguments Namespace(hidden_dropout_prob=0.15, max_input_seq_length=128, model_name_or_path='bert-base-uncased')
--------------------
Other arguments Namespace(DEV_FILE='/content/devnewdata_2.csv', TRAIN_FILE='/content/train_easy_100_hard_100.csv', do_fast_dev_run=False, eval_batch_size=8, gradient_accumulation_steps=1, learning_rate=5e-05, limit_train_batches=-1, limit_val_batches=-1, max_train_samples=-1, num_train_epochs=5, output_dir='./', predictions_file='predictions.csv', save_last=False, save_top_k=-1, seed=42, train_batch_size=8, write_dev_predictions=True)
--------------------
Global seed set to 42
Downloading: 100% 28.0/28.0 [00:00<00:00, 28.4kB/s]
Downloading: 100% 570/570 [00:00<00:00, 447kB/s]
Downloading: 100% 226k/226k [00:00<00:00, 2.00MB/s]
Downloading: 100% 455k/455k [00:00<00:00, 3.33MB/s]
Downloading: 100% 420M/420M [00:11<00:00, 39.6MB/s]
Some weights of the model checkpoint at bert-base-uncased were not used when initializing BertForMultipleChoice: ['cls.seq_relationship.bias', 'cls.predictions.transform.dense.bias', 'cls.predictions.transform.LayerNorm.bias', 'cls.seq_relationship.weight', 'cls.predictions.transform.LayerNorm.weight', 'cls.predictions.bias', 'cls.predictions.decoder.weight', 'cls.predictions.transform.dense.weight']
- This IS expected if you are initializing BertForMultipleChoice from the checkpoint of a model trained on another task or with another architecture (e.g. initializing a BertForSequenceClassification model from a BertForPreTraining model).
- This IS NOT expected if you are initializing BertForMultipleChoice from the checkpoint of a model that you expect to be exactly identical (initializing a BertForSequenceClassification model from a BertForSequenceClassification model).
Some weights of BertForMultipleChoice were not initialized from the model checkpoint at bert-base-uncased and are newly initialized: ['classifier.bias', 'classifier.weight']
You should probably TRAIN this model on a down-stream task to be able to use it for predictions and inference.
GPU available: True, used: True
TPU available: False, using: 0 TPU cores
IPU available: False, using: 0 IPUs
LOCAL_RANK: 0 - CUDA_VISIBLE_DEVICES: [0]

  | Name  | Type                  | Params
------------------------------------------------
0 | model | BertForMultipleChoice | 109 M 
------------------------------------------------
109 M     Trainable params
0         Non-trainable params
109 M     Total params
437.932   Total estimated model params size (MB)
/usr/local/lib/python3.7/dist-packages/pytorch_lightning/callbacks/model_checkpoint.py:623: UserWarning: Checkpoint directory /content exists and is not empty.
  rank_zero_warn(f"Checkpoint directory {dirpath} exists and is not empty.")
Validation sanity check: 0it [00:00, ?it/s]/usr/local/lib/python3.7/dist-packages/torch/utils/data/dataloader.py:481: UserWarning: This DataLoader will create 8 worker processes in total. Our suggested max number of worker in current system is 2, which is smaller than what this DataLoader is going to create. Please be aware that excessive worker creation might get DataLoader running slow or even freeze, lower the worker number to avoid potential slowness/freeze if necessary.
  cpuset_checked))
Validation sanity check:   0% 0/2 [00:00<?, ?it/s]--------------------
Validation avg_loss:  tensor(1.1031, device='cuda:0')
Validation avg_acc:  tensor(0.2500, device='cuda:0')
Writing predictions for /content/devnewdata_2.csv to ./epoch_0_predictions.csv
--------------------
Global seed set to 42
Epoch 0:  67% 480/720 [10:00<05:00,  1.25s/it, loss=0.742, v_num=0, train_loss_step=0.136, train_acc_step=1.000]
Validating: 0it [00:00, ?it/s]
Validating:   0% 0/245 [00:00<?, ?it/s]
Epoch 0:  69% 500/720 [10:09<04:28,  1.22s/it, loss=0.742, v_num=0, train_loss_step=0.136, train_acc_step=1.000]
Epoch 0:  72% 520/720 [10:18<03:58,  1.19s/it, loss=0.742, v_num=0, train_loss_step=0.136, train_acc_step=1.000]
Epoch 0:  75% 540/720 [10:27<03:29,  1.16s/it, loss=0.742, v_num=0, train_loss_step=0.136, train_acc_step=1.000]
Epoch 0:  78% 560/720 [10:36<03:01,  1.14s/it, loss=0.742, v_num=0, train_loss_step=0.136, train_acc_step=1.000]
Epoch 0:  81% 580/720 [10:46<02:35,  1.11s/it, loss=0.742, v_num=0, train_loss_step=0.136, train_acc_step=1.000]
Epoch 0:  83% 600/720 [10:55<02:11,  1.09s/it, loss=0.742, v_num=0, train_loss_step=0.136, train_acc_step=1.000]
Epoch 0:  86% 620/720 [11:04<01:47,  1.07s/it, loss=0.742, v_num=0, train_loss_step=0.136, train_acc_step=1.000]
Epoch 0:  89% 640/720 [11:13<01:24,  1.05s/it, loss=0.742, v_num=0, train_loss_step=0.136, train_acc_step=1.000]
Epoch 0:  92% 660/720 [11:22<01:02,  1.03s/it, loss=0.742, v_num=0, train_loss_step=0.136, train_acc_step=1.000]
Epoch 0:  94% 680/720 [11:31<00:40,  1.02s/it, loss=0.742, v_num=0, train_loss_step=0.136, train_acc_step=1.000]
Epoch 0:  97% 700/720 [11:40<00:20,  1.00s/it, loss=0.742, v_num=0, train_loss_step=0.136, train_acc_step=1.000]
Epoch 0: 100% 720/720 [11:49<00:00,  1.02it/s, loss=0.742, v_num=0, train_loss_step=0.136, train_acc_step=1.000]
Validating: 100% 245/245 [01:51<00:00,  2.23it/s]--------------------
Validation avg_loss:  tensor(1.3272, device='cuda:0')
Validation avg_acc:  tensor(0.4770, device='cuda:0')
Writing predictions for /content/devnewdata_2.csv to ./epoch_0_predictions.csv
--------------------
Epoch 0: 100% 720/720 [11:51<00:00,  1.01it/s, loss=0.707, v_num=0, train_loss_step=1.530, train_acc_step=0.500]
                                                 --------------------
Train avg_loss:  tensor(0.8395, device='cuda:0')
Train avg_acc:  tensor(0.6161, device='cuda:0')
--------------------
tcmalloc: large alloc 1092804608 bytes == 0x55628bffe000 @  0x7fadca41a615 0x5561b3d674cc 0x5561b3e4747a 0x5561b3d6df0c 0x7fadc566c9e4 0x7fadc5674b14 0x7fadc5649a60 0x7fad1ce27f55 0x7fad1ce2388e 0x7fad1ce2b235 0x7fadc5649fae 0x7fadc4dc0aa8 0x5561b3d6b098 0x5561b3dde4d9 0x5561b3dd8ced 0x5561b3d6bbda 0x5561b3dd9915 0x5561b3dd89ee 0x5561b3d6bbda 0x5561b3dddd00 0x5561b3d6bafa 0x5561b3dd9915 0x5561b3dd89ee 0x5561b3d6bbda 0x5561b3dd9c0d 0x5561b3d6bafa 0x5561b3dd9c0d 0x5561b3dd89ee 0x5561b3d6bbda 0x5561b3dd9c0d 0x5561b3dd89ee
tcmalloc: large alloc 1366007808 bytes == 0x5562d58e6000 @  0x7fadca41a615 0x5561b3d674cc 0x5561b3e4747a 0x5561b3d6df0c 0x7fadc566c9e4 0x7fadc5674b14 0x7fadc5649a60 0x7fad1ce27f55 0x7fad1ce2388e 0x7fad1ce2b235 0x7fadc5649fae 0x7fadc4dc0aa8 0x5561b3d6b098 0x5561b3dde4d9 0x5561b3dd8ced 0x5561b3d6bbda 0x5561b3dd9915 0x5561b3dd89ee 0x5561b3d6bbda 0x5561b3dddd00 0x5561b3d6bafa 0x5561b3dd9915 0x5561b3dd89ee 0x5561b3d6bbda 0x5561b3dd9c0d 0x5561b3d6bafa 0x5561b3dd9c0d 0x5561b3dd89ee 0x5561b3d6bbda 0x5561b3dd9c0d 0x5561b3dd89ee
tcmalloc: large alloc 1707515904 bytes == 0x556257e40000 @  0x7fadca41a615 0x5561b3d674cc 0x5561b3e4747a 0x5561b3d6df0c 0x7fadc566c9e4 0x7fadc5674b14 0x7fadc5649a60 0x7fad1ce27f55 0x7fad1ce2388e 0x7fad1ce2b235 0x7fadc5649fae 0x7fadc4dc0aa8 0x5561b3d6b098 0x5561b3dde4d9 0x5561b3dd8ced 0x5561b3d6bbda 0x5561b3dd9915 0x5561b3dd89ee 0x5561b3d6bbda 0x5561b3dddd00 0x5561b3d6bafa 0x5561b3dd9915 0x5561b3dd89ee 0x5561b3d6bbda 0x5561b3dd9c0d 0x5561b3d6bafa 0x5561b3dd9c0d 0x5561b3dd89ee 0x5561b3d6bbda 0x5561b3dd9c0d 0x5561b3dd89ee
Epoch 1:  67% 480/720 [10:01<05:00,  1.25s/it, loss=0.527, v_num=0, train_loss_step=1.010, train_acc_step=0.625, train_loss_epoch=0.840, train_acc_epoch=0.616]
Validating: 0it [00:00, ?it/s]
Validating:   0% 0/245 [00:00<?, ?it/s]
Epoch 1:  69% 500/720 [10:11<04:28,  1.22s/it, loss=0.527, v_num=0, train_loss_step=1.010, train_acc_step=0.625, train_loss_epoch=0.840, train_acc_epoch=0.616]
Epoch 1:  72% 520/720 [10:20<03:58,  1.19s/it, loss=0.527, v_num=0, train_loss_step=1.010, train_acc_step=0.625, train_loss_epoch=0.840, train_acc_epoch=0.616]
Epoch 1:  75% 540/720 [10:29<03:29,  1.17s/it, loss=0.527, v_num=0, train_loss_step=1.010, train_acc_step=0.625, train_loss_epoch=0.840, train_acc_epoch=0.616]
Epoch 1:  78% 560/720 [10:38<03:02,  1.14s/it, loss=0.527, v_num=0, train_loss_step=1.010, train_acc_step=0.625, train_loss_epoch=0.840, train_acc_epoch=0.616]
Epoch 1:  81% 580/720 [10:47<02:36,  1.12s/it, loss=0.527, v_num=0, train_loss_step=1.010, train_acc_step=0.625, train_loss_epoch=0.840, train_acc_epoch=0.616]
Epoch 1:  83% 600/720 [10:56<02:11,  1.09s/it, loss=0.527, v_num=0, train_loss_step=1.010, train_acc_step=0.625, train_loss_epoch=0.840, train_acc_epoch=0.616]
Epoch 1:  86% 620/720 [11:05<01:47,  1.07s/it, loss=0.527, v_num=0, train_loss_step=1.010, train_acc_step=0.625, train_loss_epoch=0.840, train_acc_epoch=0.616]
Epoch 1:  89% 640/720 [11:14<01:24,  1.05s/it, loss=0.527, v_num=0, train_loss_step=1.010, train_acc_step=0.625, train_loss_epoch=0.840, train_acc_epoch=0.616]
Epoch 1:  92% 660/720 [11:23<01:02,  1.04s/it, loss=0.527, v_num=0, train_loss_step=1.010, train_acc_step=0.625, train_loss_epoch=0.840, train_acc_epoch=0.616]
Epoch 1:  94% 680/720 [11:32<00:40,  1.02s/it, loss=0.527, v_num=0, train_loss_step=1.010, train_acc_step=0.625, train_loss_epoch=0.840, train_acc_epoch=0.616]
Epoch 1:  97% 700/720 [11:41<00:20,  1.00s/it, loss=0.527, v_num=0, train_loss_step=1.010, train_acc_step=0.625, train_loss_epoch=0.840, train_acc_epoch=0.616]
Epoch 1: 100% 720/720 [11:50<00:00,  1.01it/s, loss=0.527, v_num=0, train_loss_step=1.010, train_acc_step=0.625, train_loss_epoch=0.840, train_acc_epoch=0.616]
Validating: 100% 245/245 [01:51<00:00,  2.21it/s]--------------------
Validation avg_loss:  tensor(1.7780, device='cuda:0')
Validation avg_acc:  tensor(0.5107, device='cuda:0')
Writing predictions for /content/devnewdata_2.csv to ./epoch_1_predictions.csv
--------------------
Epoch 1: 100% 720/720 [11:52<00:00,  1.01it/s, loss=0.383, v_num=0, train_loss_step=0.551, train_acc_step=0.750, train_loss_epoch=0.840, train_acc_epoch=0.616]
                                                 --------------------
Train avg_loss:  tensor(0.4946, device='cuda:0')
Train avg_acc:  tensor(0.8197, device='cuda:0')
--------------------
tcmalloc: large alloc 1707515904 bytes == 0x556257e40000 @  0x7fadca41a615 0x5561b3d674cc 0x5561b3e4747a 0x5561b3d6df0c 0x7fadc566c9e4 0x7fadc5674b14 0x7fadc5649a60 0x7fad1ce27f55 0x7fad1ce2388e 0x7fad1ce2b235 0x7fadc5649fae 0x7fadc4dc0aa8 0x5561b3d6b098 0x5561b3dde4d9 0x5561b3dd8ced 0x5561b3d6bbda 0x5561b3dd9915 0x5561b3dd89ee 0x5561b3d6bbda 0x5561b3dddd00 0x5561b3d6bafa 0x5561b3dd9915 0x5561b3dd89ee 0x5561b3d6bbda 0x5561b3dd9c0d 0x5561b3d6bafa 0x5561b3dd9c0d 0x5561b3dd89ee 0x5561b3d6bbda 0x5561b3dd9c0d 0x5561b3dd89ee
Epoch 2:  67% 480/720 [10:00<05:00,  1.25s/it, loss=0.199, v_num=0, train_loss_step=0.444, train_acc_step=0.875, train_loss_epoch=0.495, train_acc_epoch=0.820]
Validating: 0it [00:00, ?it/s]
Validating:   0% 0/245 [00:00<?, ?it/s]
Epoch 2:  69% 500/720 [10:10<04:28,  1.22s/it, loss=0.199, v_num=0, train_loss_step=0.444, train_acc_step=0.875, train_loss_epoch=0.495, train_acc_epoch=0.820]
Epoch 2:  72% 520/720 [10:19<03:58,  1.19s/it, loss=0.199, v_num=0, train_loss_step=0.444, train_acc_step=0.875, train_loss_epoch=0.495, train_acc_epoch=0.820]
Epoch 2:  75% 540/720 [10:28<03:29,  1.16s/it, loss=0.199, v_num=0, train_loss_step=0.444, train_acc_step=0.875, train_loss_epoch=0.495, train_acc_epoch=0.820]
Epoch 2:  78% 560/720 [10:37<03:02,  1.14s/it, loss=0.199, v_num=0, train_loss_step=0.444, train_acc_step=0.875, train_loss_epoch=0.495, train_acc_epoch=0.820]
Epoch 2:  81% 580/720 [10:46<02:36,  1.12s/it, loss=0.199, v_num=0, train_loss_step=0.444, train_acc_step=0.875, train_loss_epoch=0.495, train_acc_epoch=0.820]
Epoch 2:  83% 600/720 [10:55<02:11,  1.09s/it, loss=0.199, v_num=0, train_loss_step=0.444, train_acc_step=0.875, train_loss_epoch=0.495, train_acc_epoch=0.820]
Epoch 2:  86% 620/720 [11:04<01:47,  1.07s/it, loss=0.199, v_num=0, train_loss_step=0.444, train_acc_step=0.875, train_loss_epoch=0.495, train_acc_epoch=0.820]
Epoch 2:  89% 640/720 [11:13<01:24,  1.05s/it, loss=0.199, v_num=0, train_loss_step=0.444, train_acc_step=0.875, train_loss_epoch=0.495, train_acc_epoch=0.820]
Epoch 2:  92% 660/720 [11:22<01:02,  1.03s/it, loss=0.199, v_num=0, train_loss_step=0.444, train_acc_step=0.875, train_loss_epoch=0.495, train_acc_epoch=0.820]
Epoch 2:  94% 680/720 [11:31<00:40,  1.02s/it, loss=0.199, v_num=0, train_loss_step=0.444, train_acc_step=0.875, train_loss_epoch=0.495, train_acc_epoch=0.820]
Epoch 2:  97% 700/720 [11:40<00:20,  1.00s/it, loss=0.199, v_num=0, train_loss_step=0.444, train_acc_step=0.875, train_loss_epoch=0.495, train_acc_epoch=0.820]
Epoch 2: 100% 720/720 [11:49<00:00,  1.01it/s, loss=0.199, v_num=0, train_loss_step=0.444, train_acc_step=0.875, train_loss_epoch=0.495, train_acc_epoch=0.820]
Validating: 100% 245/245 [01:51<00:00,  2.22it/s]--------------------
Validation avg_loss:  tensor(2.5006, device='cuda:0')
Validation avg_acc:  tensor(0.5026, device='cuda:0')
Writing predictions for /content/devnewdata_2.csv to ./epoch_2_predictions.csv
--------------------
Epoch 2: 100% 720/720 [11:52<00:00,  1.01it/s, loss=0.152, v_num=0, train_loss_step=0.0335, train_acc_step=1.000, train_loss_epoch=0.495, train_acc_epoch=0.820]
                                                 --------------------
Train avg_loss:  tensor(0.2555, device='cuda:0')
Train avg_acc:  tensor(0.9174, device='cuda:0')
--------------------
Epoch 3:  67% 480/720 [10:00<05:00,  1.25s/it, loss=0.0841, v_num=0, train_loss_step=0.00585, train_acc_step=1.000, train_loss_epoch=0.255, train_acc_epoch=0.917]
Validating: 0it [00:00, ?it/s]
Validating:   0% 0/245 [00:00<?, ?it/s]
Epoch 3:  69% 500/720 [10:10<04:28,  1.22s/it, loss=0.0841, v_num=0, train_loss_step=0.00585, train_acc_step=1.000, train_loss_epoch=0.255, train_acc_epoch=0.917]
Epoch 3:  72% 520/720 [10:19<03:58,  1.19s/it, loss=0.0841, v_num=0, train_loss_step=0.00585, train_acc_step=1.000, train_loss_epoch=0.255, train_acc_epoch=0.917]
Epoch 3:  75% 540/720 [10:28<03:29,  1.16s/it, loss=0.0841, v_num=0, train_loss_step=0.00585, train_acc_step=1.000, train_loss_epoch=0.255, train_acc_epoch=0.917]
Epoch 3:  78% 560/720 [10:37<03:02,  1.14s/it, loss=0.0841, v_num=0, train_loss_step=0.00585, train_acc_step=1.000, train_loss_epoch=0.255, train_acc_epoch=0.917]
Epoch 3:  81% 580/720 [10:46<02:36,  1.11s/it, loss=0.0841, v_num=0, train_loss_step=0.00585, train_acc_step=1.000, train_loss_epoch=0.255, train_acc_epoch=0.917]
Epoch 3:  83% 600/720 [10:55<02:11,  1.09s/it, loss=0.0841, v_num=0, train_loss_step=0.00585, train_acc_step=1.000, train_loss_epoch=0.255, train_acc_epoch=0.917]
Epoch 3:  86% 620/720 [11:04<01:47,  1.07s/it, loss=0.0841, v_num=0, train_loss_step=0.00585, train_acc_step=1.000, train_loss_epoch=0.255, train_acc_epoch=0.917]
Epoch 3:  89% 640/720 [11:13<01:24,  1.05s/it, loss=0.0841, v_num=0, train_loss_step=0.00585, train_acc_step=1.000, train_loss_epoch=0.255, train_acc_epoch=0.917]
Epoch 3:  92% 660/720 [11:22<01:02,  1.03s/it, loss=0.0841, v_num=0, train_loss_step=0.00585, train_acc_step=1.000, train_loss_epoch=0.255, train_acc_epoch=0.917]
Epoch 3:  94% 680/720 [11:31<00:40,  1.02s/it, loss=0.0841, v_num=0, train_loss_step=0.00585, train_acc_step=1.000, train_loss_epoch=0.255, train_acc_epoch=0.917]
Epoch 3:  97% 700/720 [11:40<00:20,  1.00s/it, loss=0.0841, v_num=0, train_loss_step=0.00585, train_acc_step=1.000, train_loss_epoch=0.255, train_acc_epoch=0.917]
Epoch 3: 100% 720/720 [11:49<00:00,  1.01it/s, loss=0.0841, v_num=0, train_loss_step=0.00585, train_acc_step=1.000, train_loss_epoch=0.255, train_acc_epoch=0.917]
Validating: 100% 245/245 [01:51<00:00,  2.21it/s]--------------------
Validation avg_loss:  tensor(3.1187, device='cuda:0')
Validation avg_acc:  tensor(0.5015, device='cuda:0')
Writing predictions for /content/devnewdata_2.csv to ./epoch_3_predictions.csv
--------------------
Epoch 3: 100% 720/720 [11:52<00:00,  1.01it/s, loss=0.0455, v_num=0, train_loss_step=0.00944, train_acc_step=1.000, train_loss_epoch=0.255, train_acc_epoch=0.917]
                                                 --------------------
Train avg_loss:  tensor(0.1055, device='cuda:0')
Train avg_acc:  tensor(0.9676, device='cuda:0')
--------------------
Epoch 4:  67% 480/720 [10:01<05:00,  1.25s/it, loss=0.0267, v_num=0, train_loss_step=0.0371, train_acc_step=1.000, train_loss_epoch=0.105, train_acc_epoch=0.968]
Validating: 0it [00:00, ?it/s]
Validating:   0% 0/245 [00:00<?, ?it/s]
Epoch 4:  69% 500/720 [10:10<04:28,  1.22s/it, loss=0.0267, v_num=0, train_loss_step=0.0371, train_acc_step=1.000, train_loss_epoch=0.105, train_acc_epoch=0.968]
Epoch 4:  72% 520/720 [10:19<03:58,  1.19s/it, loss=0.0267, v_num=0, train_loss_step=0.0371, train_acc_step=1.000, train_loss_epoch=0.105, train_acc_epoch=0.968]
Epoch 4:  75% 540/720 [10:28<03:29,  1.16s/it, loss=0.0267, v_num=0, train_loss_step=0.0371, train_acc_step=1.000, train_loss_epoch=0.105, train_acc_epoch=0.968]
Epoch 4:  78% 560/720 [10:37<03:02,  1.14s/it, loss=0.0267, v_num=0, train_loss_step=0.0371, train_acc_step=1.000, train_loss_epoch=0.105, train_acc_epoch=0.968]
Epoch 4:  81% 580/720 [10:46<02:36,  1.12s/it, loss=0.0267, v_num=0, train_loss_step=0.0371, train_acc_step=1.000, train_loss_epoch=0.105, train_acc_epoch=0.968]
Epoch 4:  83% 600/720 [10:55<02:11,  1.09s/it, loss=0.0267, v_num=0, train_loss_step=0.0371, train_acc_step=1.000, train_loss_epoch=0.105, train_acc_epoch=0.968]
Epoch 4:  86% 620/720 [11:05<01:47,  1.07s/it, loss=0.0267, v_num=0, train_loss_step=0.0371, train_acc_step=1.000, train_loss_epoch=0.105, train_acc_epoch=0.968]
Epoch 4:  89% 640/720 [11:14<01:24,  1.05s/it, loss=0.0267, v_num=0, train_loss_step=0.0371, train_acc_step=1.000, train_loss_epoch=0.105, train_acc_epoch=0.968]
Epoch 4:  92% 660/720 [11:23<01:02,  1.04s/it, loss=0.0267, v_num=0, train_loss_step=0.0371, train_acc_step=1.000, train_loss_epoch=0.105, train_acc_epoch=0.968]
Epoch 4:  94% 680/720 [11:32<00:40,  1.02s/it, loss=0.0267, v_num=0, train_loss_step=0.0371, train_acc_step=1.000, train_loss_epoch=0.105, train_acc_epoch=0.968]
Epoch 4:  97% 700/720 [11:41<00:20,  1.00s/it, loss=0.0267, v_num=0, train_loss_step=0.0371, train_acc_step=1.000, train_loss_epoch=0.105, train_acc_epoch=0.968]
Epoch 4: 100% 720/720 [11:50<00:00,  1.01it/s, loss=0.0267, v_num=0, train_loss_step=0.0371, train_acc_step=1.000, train_loss_epoch=0.105, train_acc_epoch=0.968]
Validating: 100% 245/245 [01:51<00:00,  2.21it/s]--------------------
Validation avg_loss:  tensor(3.5226, device='cuda:0')
Validation avg_acc:  tensor(0.5041, device='cuda:0')
Writing predictions for /content/devnewdata_2.csv to ./epoch_4_predictions.csv
--------------------
Epoch 4: 100% 720/720 [11:52<00:00,  1.01it/s, loss=0.052, v_num=0, train_loss_step=0.00373, train_acc_step=1.000, train_loss_epoch=0.105, train_acc_epoch=0.968]
                                                 --------------------
Train avg_loss:  tensor(0.0345, device='cuda:0')
Train avg_acc:  tensor(0.9858, device='cuda:0')
--------------------
Epoch 4: 100% 720/720 [12:01<00:00,  1.00s/it, loss=0.052, v_num=0, train_loss_step=0.00373, train_acc_step=1.000, train_loss_epoch=0.105, train_acc_epoch=0.968]