Training arguments Namespace(adam_epsilon=1e-08, distributed_backend=None, early_stop_callback=False, fp_16=False, max_grad_norm=1.0, n_gpu=-1, num_workers=8, opt_level='O1', warmup_steps=0, weight_decay=0.0)
--------------------
Model arguments Namespace(hidden_dropout_prob=0.15, max_input_seq_length=128, model_name_or_path='bert-base-uncased')
--------------------
Other arguments Namespace(DEV_FILE='/content/devnewdata_2.csv', TRAIN_FILE='/content/train_easy_100_ambi_100.csv', do_fast_dev_run=False, eval_batch_size=8, gradient_accumulation_steps=1, learning_rate=5e-05, limit_train_batches=-1, limit_val_batches=-1, max_train_samples=-1, num_train_epochs=5, output_dir='./', predictions_file='predictions.csv', save_last=False, save_top_k=-1, seed=42, train_batch_size=8, write_dev_predictions=True)
--------------------
Global seed set to 42
Some weights of the model checkpoint at bert-base-uncased were not used when initializing BertForMultipleChoice: ['cls.seq_relationship.weight', 'cls.predictions.transform.dense.bias', 'cls.predictions.transform.LayerNorm.bias', 'cls.predictions.decoder.weight', 'cls.predictions.bias', 'cls.predictions.transform.dense.weight', 'cls.seq_relationship.bias', 'cls.predictions.transform.LayerNorm.weight']
- This IS expected if you are initializing BertForMultipleChoice from the checkpoint of a model trained on another task or with another architecture (e.g. initializing a BertForSequenceClassification model from a BertForPreTraining model).
- This IS NOT expected if you are initializing BertForMultipleChoice from the checkpoint of a model that you expect to be exactly identical (initializing a BertForSequenceClassification model from a BertForSequenceClassification model).
Some weights of BertForMultipleChoice were not initialized from the model checkpoint at bert-base-uncased and are newly initialized: ['classifier.bias', 'classifier.weight']
You should probably TRAIN this model on a down-stream task to be able to use it for predictions and inference.
GPU available: True, used: True
TPU available: False, using: 0 TPU cores
IPU available: False, using: 0 IPUs
LOCAL_RANK: 0 - CUDA_VISIBLE_DEVICES: [0]

  | Name  | Type                  | Params
------------------------------------------------
0 | model | BertForMultipleChoice | 109 M 
------------------------------------------------
109 M     Trainable params
0         Non-trainable params
109 M     Total params
437.932   Total estimated model params size (MB)
/usr/local/lib/python3.7/dist-packages/pytorch_lightning/callbacks/model_checkpoint.py:623: UserWarning: Checkpoint directory /content exists and is not empty.
  rank_zero_warn(f"Checkpoint directory {dirpath} exists and is not empty.")
Validation sanity check: 0it [00:00, ?it/s]/usr/local/lib/python3.7/dist-packages/torch/utils/data/dataloader.py:481: UserWarning: This DataLoader will create 8 worker processes in total. Our suggested max number of worker in current system is 2, which is smaller than what this DataLoader is going to create. Please be aware that excessive worker creation might get DataLoader running slow or even freeze, lower the worker number to avoid potential slowness/freeze if necessary.
  cpuset_checked))
Validation sanity check:   0% 0/2 [00:00<?, ?it/s]--------------------
Validation avg_loss:  tensor(1.1031, device='cuda:0')
Validation avg_acc:  tensor(0.2500, device='cuda:0')
Writing predictions for /content/devnewdata_2.csv to ./epoch_0_predictions.csv
--------------------
Global seed set to 42
Epoch 0:  72% 600/832 [12:11<04:42,  1.22s/it, loss=0.894, v_num=1, train_loss_step=0.942, train_acc_step=0.500]
Validating: 0it [00:00, ?it/s]
Validating:   0% 0/245 [00:00<?, ?it/s]
Epoch 0:  75% 620/832 [12:20<04:13,  1.19s/it, loss=0.894, v_num=1, train_loss_step=0.942, train_acc_step=0.500]
Epoch 0:  77% 640/832 [12:29<03:44,  1.17s/it, loss=0.894, v_num=1, train_loss_step=0.942, train_acc_step=0.500]
Epoch 0:  79% 660/832 [12:38<03:17,  1.15s/it, loss=0.894, v_num=1, train_loss_step=0.942, train_acc_step=0.500]
Epoch 0:  82% 680/832 [12:47<02:51,  1.13s/it, loss=0.894, v_num=1, train_loss_step=0.942, train_acc_step=0.500]
Epoch 0:  84% 700/832 [12:56<02:26,  1.11s/it, loss=0.894, v_num=1, train_loss_step=0.942, train_acc_step=0.500]
Epoch 0:  87% 720/832 [13:05<02:02,  1.09s/it, loss=0.894, v_num=1, train_loss_step=0.942, train_acc_step=0.500]
Epoch 0:  89% 740/832 [13:14<01:38,  1.07s/it, loss=0.894, v_num=1, train_loss_step=0.942, train_acc_step=0.500]
Epoch 0:  91% 760/832 [13:23<01:16,  1.06s/it, loss=0.894, v_num=1, train_loss_step=0.942, train_acc_step=0.500]
Epoch 0:  94% 780/832 [13:32<00:54,  1.04s/it, loss=0.894, v_num=1, train_loss_step=0.942, train_acc_step=0.500]
Epoch 0:  96% 800/832 [13:41<00:32,  1.03s/it, loss=0.894, v_num=1, train_loss_step=0.942, train_acc_step=0.500]
Epoch 0:  99% 820/832 [13:50<00:12,  1.01s/it, loss=0.894, v_num=1, train_loss_step=0.942, train_acc_step=0.500]
Validating:  98% 240/245 [01:48<00:02,  2.23it/s]
Validating: 100% 245/245 [01:50<00:00,  2.24it/s]--------------------
Validation avg_loss:  tensor(1.1417, device='cuda:0')
Validation avg_acc:  tensor(0.4776, device='cuda:0')
Writing predictions for /content/devnewdata_2.csv to ./epoch_0_predictions.csv
--------------------
Epoch 0: 100% 832/832 [14:01<00:00,  1.01s/it, loss=0.898, v_num=1, train_loss_step=0.697, train_acc_step=0.500]
                                                 --------------------
Train avg_loss:  tensor(0.9248, device='cuda:0')
Train avg_acc:  tensor(0.5402, device='cuda:0')
--------------------
tcmalloc: large alloc 1092804608 bytes == 0x56252282c000 @  0x7f6b0bf22615 0x5624066664cc 0x56240674647a 0x56240666cf0c 0x7f6b071749e4 0x7f6b0717cb14 0x7f6b07151a60 0x7f6a5e92ff55 0x7f6a5e92b88e 0x7f6a5e933235 0x7f6b07151fae 0x7f6b068c8aa8 0x56240666a098 0x5624066dd4d9 0x5624066d7ced 0x56240666abda 0x5624066d8915 0x5624066d79ee 0x56240666abda 0x5624066dcd00 0x56240666aafa 0x5624066d8915 0x5624066d79ee 0x56240666abda 0x5624066d8c0d 0x56240666aafa 0x5624066d8c0d 0x5624066d79ee 0x56240666abda 0x5624066d8c0d 0x5624066d79ee
tcmalloc: large alloc 1366007808 bytes == 0x5624a9890000 @  0x7f6b0bf22615 0x5624066664cc 0x56240674647a 0x56240666cf0c 0x7f6b071749e4 0x7f6b0717cb14 0x7f6b07151a60 0x7f6a5e92ff55 0x7f6a5e92b88e 0x7f6a5e933235 0x7f6b07151fae 0x7f6b068c8aa8 0x56240666a098 0x5624066dd4d9 0x5624066d7ced 0x56240666abda 0x5624066d8915 0x5624066d79ee 0x56240666abda 0x5624066dcd00 0x56240666aafa 0x5624066d8915 0x5624066d79ee 0x56240666abda 0x5624066d8c0d 0x56240666aafa 0x5624066d8c0d 0x5624066d79ee 0x56240666abda 0x5624066d8c0d 0x5624066d79ee
tcmalloc: large alloc 1707515904 bytes == 0x56252282c000 @  0x7f6b0bf22615 0x5624066664cc 0x56240674647a 0x56240666cf0c 0x7f6b071749e4 0x7f6b0717cb14 0x7f6b07151a60 0x7f6a5e92ff55 0x7f6a5e92b88e 0x7f6a5e933235 0x7f6b07151fae 0x7f6b068c8aa8 0x56240666a098 0x5624066dd4d9 0x5624066d7ced 0x56240666abda 0x5624066d8915 0x5624066d79ee 0x56240666abda 0x5624066dcd00 0x56240666aafa 0x5624066d8915 0x5624066d79ee 0x56240666abda 0x5624066d8c0d 0x56240666aafa 0x5624066d8c0d 0x5624066d79ee 0x56240666abda 0x5624066d8c0d 0x5624066d79ee
Epoch 1:  72% 600/832 [12:11<04:42,  1.22s/it, loss=0.695, v_num=1, train_loss_step=0.729, train_acc_step=0.750, train_loss_epoch=0.925, train_acc_epoch=0.540]
Validating: 0it [00:00, ?it/s]
Validating:   0% 0/245 [00:00<?, ?it/s]
Epoch 1:  75% 620/832 [12:20<04:13,  1.20s/it, loss=0.695, v_num=1, train_loss_step=0.729, train_acc_step=0.750, train_loss_epoch=0.925, train_acc_epoch=0.540]
Epoch 1:  77% 640/832 [12:29<03:44,  1.17s/it, loss=0.695, v_num=1, train_loss_step=0.729, train_acc_step=0.750, train_loss_epoch=0.925, train_acc_epoch=0.540]
Epoch 1:  79% 660/832 [12:38<03:17,  1.15s/it, loss=0.695, v_num=1, train_loss_step=0.729, train_acc_step=0.750, train_loss_epoch=0.925, train_acc_epoch=0.540]
Epoch 1:  82% 680/832 [12:47<02:51,  1.13s/it, loss=0.695, v_num=1, train_loss_step=0.729, train_acc_step=0.750, train_loss_epoch=0.925, train_acc_epoch=0.540]
Epoch 1:  84% 700/832 [12:56<02:26,  1.11s/it, loss=0.695, v_num=1, train_loss_step=0.729, train_acc_step=0.750, train_loss_epoch=0.925, train_acc_epoch=0.540]
Epoch 1:  87% 720/832 [13:05<02:02,  1.09s/it, loss=0.695, v_num=1, train_loss_step=0.729, train_acc_step=0.750, train_loss_epoch=0.925, train_acc_epoch=0.540]
Epoch 1:  89% 740/832 [13:14<01:38,  1.07s/it, loss=0.695, v_num=1, train_loss_step=0.729, train_acc_step=0.750, train_loss_epoch=0.925, train_acc_epoch=0.540]
Epoch 1:  91% 760/832 [13:23<01:16,  1.06s/it, loss=0.695, v_num=1, train_loss_step=0.729, train_acc_step=0.750, train_loss_epoch=0.925, train_acc_epoch=0.540]
Epoch 1:  94% 780/832 [13:32<00:54,  1.04s/it, loss=0.695, v_num=1, train_loss_step=0.729, train_acc_step=0.750, train_loss_epoch=0.925, train_acc_epoch=0.540]
Epoch 1:  96% 800/832 [13:41<00:32,  1.03s/it, loss=0.695, v_num=1, train_loss_step=0.729, train_acc_step=0.750, train_loss_epoch=0.925, train_acc_epoch=0.540]
Epoch 1:  99% 820/832 [13:50<00:12,  1.01s/it, loss=0.695, v_num=1, train_loss_step=0.729, train_acc_step=0.750, train_loss_epoch=0.925, train_acc_epoch=0.540]
Validating:  98% 240/245 [01:48<00:02,  2.23it/s]
Validating: 100% 245/245 [01:50<00:00,  2.22it/s]--------------------
Validation avg_loss:  tensor(1.3609, device='cuda:0')
Validation avg_acc:  tensor(0.4867, device='cuda:0')
Writing predictions for /content/devnewdata_2.csv to ./epoch_1_predictions.csv
--------------------
Epoch 1: 100% 832/832 [14:02<00:00,  1.01s/it, loss=0.757, v_num=1, train_loss_step=0.598, train_acc_step=0.750, train_loss_epoch=0.925, train_acc_epoch=0.540]
                                                 --------------------
Train avg_loss:  tensor(0.6567, device='cuda:0')
Train avg_acc:  tensor(0.7304, device='cuda:0')
--------------------
tcmalloc: large alloc 1707515904 bytes == 0x5624a9890000 @  0x7f6b0bf22615 0x5624066664cc 0x56240674647a 0x56240666cf0c 0x7f6b071749e4 0x7f6b0717cb14 0x7f6b07151a60 0x7f6a5e92ff55 0x7f6a5e92b88e 0x7f6a5e933235 0x7f6b07151fae 0x7f6b068c8aa8 0x56240666a098 0x5624066dd4d9 0x5624066d7ced 0x56240666abda 0x5624066d8915 0x5624066d79ee 0x56240666abda 0x5624066dcd00 0x56240666aafa 0x5624066d8915 0x5624066d79ee 0x56240666abda 0x5624066d8c0d 0x56240666aafa 0x5624066d8c0d 0x5624066d79ee 0x56240666abda 0x5624066d8c0d 0x5624066d79ee
Epoch 2:  72% 600/832 [12:11<04:42,  1.22s/it, loss=0.343, v_num=1, train_loss_step=0.549, train_acc_step=0.750, train_loss_epoch=0.657, train_acc_epoch=0.730]
Validating: 0it [00:00, ?it/s]
Validating:   0% 0/245 [00:00<?, ?it/s]
Epoch 2:  75% 620/832 [12:21<04:13,  1.20s/it, loss=0.343, v_num=1, train_loss_step=0.549, train_acc_step=0.750, train_loss_epoch=0.657, train_acc_epoch=0.730]
Epoch 2:  77% 640/832 [12:30<03:45,  1.17s/it, loss=0.343, v_num=1, train_loss_step=0.549, train_acc_step=0.750, train_loss_epoch=0.657, train_acc_epoch=0.730]
Epoch 2:  79% 660/832 [12:39<03:17,  1.15s/it, loss=0.343, v_num=1, train_loss_step=0.549, train_acc_step=0.750, train_loss_epoch=0.657, train_acc_epoch=0.730]
Epoch 2:  82% 680/832 [12:48<02:51,  1.13s/it, loss=0.343, v_num=1, train_loss_step=0.549, train_acc_step=0.750, train_loss_epoch=0.657, train_acc_epoch=0.730]
Epoch 2:  84% 700/832 [12:56<02:26,  1.11s/it, loss=0.343, v_num=1, train_loss_step=0.549, train_acc_step=0.750, train_loss_epoch=0.657, train_acc_epoch=0.730]
Epoch 2:  87% 720/832 [13:05<02:02,  1.09s/it, loss=0.343, v_num=1, train_loss_step=0.549, train_acc_step=0.750, train_loss_epoch=0.657, train_acc_epoch=0.730]
Epoch 2:  89% 740/832 [13:14<01:38,  1.07s/it, loss=0.343, v_num=1, train_loss_step=0.549, train_acc_step=0.750, train_loss_epoch=0.657, train_acc_epoch=0.730]
Epoch 2:  91% 760/832 [13:23<01:16,  1.06s/it, loss=0.343, v_num=1, train_loss_step=0.549, train_acc_step=0.750, train_loss_epoch=0.657, train_acc_epoch=0.730]
Epoch 2:  94% 780/832 [13:32<00:54,  1.04s/it, loss=0.343, v_num=1, train_loss_step=0.549, train_acc_step=0.750, train_loss_epoch=0.657, train_acc_epoch=0.730]
Epoch 2:  96% 800/832 [13:41<00:32,  1.03s/it, loss=0.343, v_num=1, train_loss_step=0.549, train_acc_step=0.750, train_loss_epoch=0.657, train_acc_epoch=0.730]
Epoch 2:  99% 820/832 [13:50<00:12,  1.01s/it, loss=0.343, v_num=1, train_loss_step=0.549, train_acc_step=0.750, train_loss_epoch=0.657, train_acc_epoch=0.730]
Validating:  98% 240/245 [01:48<00:02,  2.23it/s]
Validating: 100% 245/245 [01:50<00:00,  2.23it/s]--------------------
Validation avg_loss:  tensor(2.1211, device='cuda:0')
Validation avg_acc:  tensor(0.4852, device='cuda:0')
Writing predictions for /content/devnewdata_2.csv to ./epoch_2_predictions.csv
--------------------
Epoch 2: 100% 832/832 [14:02<00:00,  1.01s/it, loss=0.314, v_num=1, train_loss_step=0.527, train_acc_step=0.750, train_loss_epoch=0.657, train_acc_epoch=0.730]
                                                 --------------------
Train avg_loss:  tensor(0.3424, device='cuda:0')
Train avg_acc:  tensor(0.8724, device='cuda:0')
--------------------
Epoch 3:  72% 600/832 [12:11<04:42,  1.22s/it, loss=0.1, v_num=1, train_loss_step=0.0959, train_acc_step=1.000, train_loss_epoch=0.342, train_acc_epoch=0.872]
Validating: 0it [00:00, ?it/s]
Validating:   0% 0/245 [00:00<?, ?it/s]
Epoch 3:  75% 620/832 [12:20<04:13,  1.20s/it, loss=0.1, v_num=1, train_loss_step=0.0959, train_acc_step=1.000, train_loss_epoch=0.342, train_acc_epoch=0.872]
Epoch 3:  77% 640/832 [12:29<03:44,  1.17s/it, loss=0.1, v_num=1, train_loss_step=0.0959, train_acc_step=1.000, train_loss_epoch=0.342, train_acc_epoch=0.872]
Epoch 3:  79% 660/832 [12:38<03:17,  1.15s/it, loss=0.1, v_num=1, train_loss_step=0.0959, train_acc_step=1.000, train_loss_epoch=0.342, train_acc_epoch=0.872]
Epoch 3:  82% 680/832 [12:47<02:51,  1.13s/it, loss=0.1, v_num=1, train_loss_step=0.0959, train_acc_step=1.000, train_loss_epoch=0.342, train_acc_epoch=0.872]
Epoch 3:  84% 700/832 [12:56<02:26,  1.11s/it, loss=0.1, v_num=1, train_loss_step=0.0959, train_acc_step=1.000, train_loss_epoch=0.342, train_acc_epoch=0.872]
Epoch 3:  87% 720/832 [13:05<02:02,  1.09s/it, loss=0.1, v_num=1, train_loss_step=0.0959, train_acc_step=1.000, train_loss_epoch=0.342, train_acc_epoch=0.872]
Epoch 3:  89% 740/832 [13:14<01:38,  1.07s/it, loss=0.1, v_num=1, train_loss_step=0.0959, train_acc_step=1.000, train_loss_epoch=0.342, train_acc_epoch=0.872]
Epoch 3:  91% 760/832 [13:23<01:16,  1.06s/it, loss=0.1, v_num=1, train_loss_step=0.0959, train_acc_step=1.000, train_loss_epoch=0.342, train_acc_epoch=0.872]
Epoch 3:  94% 780/832 [13:32<00:54,  1.04s/it, loss=0.1, v_num=1, train_loss_step=0.0959, train_acc_step=1.000, train_loss_epoch=0.342, train_acc_epoch=0.872]
Epoch 3:  96% 800/832 [13:41<00:32,  1.03s/it, loss=0.1, v_num=1, train_loss_step=0.0959, train_acc_step=1.000, train_loss_epoch=0.342, train_acc_epoch=0.872]
Epoch 3:  99% 820/832 [13:50<00:12,  1.01s/it, loss=0.1, v_num=1, train_loss_step=0.0959, train_acc_step=1.000, train_loss_epoch=0.342, train_acc_epoch=0.872]
Validating:  98% 240/245 [01:48<00:02,  2.23it/s]
Validating: 100% 245/245 [01:50<00:00,  2.22it/s]--------------------
Validation avg_loss:  tensor(3.3543, device='cuda:0')
Validation avg_acc:  tensor(0.4995, device='cuda:0')
Writing predictions for /content/devnewdata_2.csv to ./epoch_3_predictions.csv
--------------------
Epoch 3: 100% 832/832 [14:01<00:00,  1.01s/it, loss=0.1, v_num=1, train_loss_step=0.013, train_acc_step=1.000, train_loss_epoch=0.342, train_acc_epoch=0.872] 
                                                 --------------------
Train avg_loss:  tensor(0.1275, device='cuda:0')
Train avg_acc:  tensor(0.9557, device='cuda:0')
--------------------
Epoch 4:  72% 600/832 [12:11<04:42,  1.22s/it, loss=0.0343, v_num=1, train_loss_step=0.0056, train_acc_step=1.000, train_loss_epoch=0.128, train_acc_epoch=0.956]
Validating: 0it [00:00, ?it/s]
Validating:   0% 0/245 [00:00<?, ?it/s]
Epoch 4:  75% 620/832 [12:21<04:13,  1.20s/it, loss=0.0343, v_num=1, train_loss_step=0.0056, train_acc_step=1.000, train_loss_epoch=0.128, train_acc_epoch=0.956]
Epoch 4:  77% 640/832 [12:30<03:45,  1.17s/it, loss=0.0343, v_num=1, train_loss_step=0.0056, train_acc_step=1.000, train_loss_epoch=0.128, train_acc_epoch=0.956]
Epoch 4:  79% 660/832 [12:39<03:17,  1.15s/it, loss=0.0343, v_num=1, train_loss_step=0.0056, train_acc_step=1.000, train_loss_epoch=0.128, train_acc_epoch=0.956]
Epoch 4:  82% 680/832 [12:48<02:51,  1.13s/it, loss=0.0343, v_num=1, train_loss_step=0.0056, train_acc_step=1.000, train_loss_epoch=0.128, train_acc_epoch=0.956]
Epoch 4:  84% 700/832 [12:57<02:26,  1.11s/it, loss=0.0343, v_num=1, train_loss_step=0.0056, train_acc_step=1.000, train_loss_epoch=0.128, train_acc_epoch=0.956]
Epoch 4:  87% 720/832 [13:06<02:02,  1.09s/it, loss=0.0343, v_num=1, train_loss_step=0.0056, train_acc_step=1.000, train_loss_epoch=0.128, train_acc_epoch=0.956]
Epoch 4:  89% 740/832 [13:15<01:38,  1.07s/it, loss=0.0343, v_num=1, train_loss_step=0.0056, train_acc_step=1.000, train_loss_epoch=0.128, train_acc_epoch=0.956]
Epoch 4:  91% 760/832 [13:24<01:16,  1.06s/it, loss=0.0343, v_num=1, train_loss_step=0.0056, train_acc_step=1.000, train_loss_epoch=0.128, train_acc_epoch=0.956]
Epoch 4:  94% 780/832 [13:33<00:54,  1.04s/it, loss=0.0343, v_num=1, train_loss_step=0.0056, train_acc_step=1.000, train_loss_epoch=0.128, train_acc_epoch=0.956]
Epoch 4:  96% 800/832 [13:42<00:32,  1.03s/it, loss=0.0343, v_num=1, train_loss_step=0.0056, train_acc_step=1.000, train_loss_epoch=0.128, train_acc_epoch=0.956]
Epoch 4:  99% 820/832 [13:51<00:12,  1.01s/it, loss=0.0343, v_num=1, train_loss_step=0.0056, train_acc_step=1.000, train_loss_epoch=0.128, train_acc_epoch=0.956]
Validating:  98% 240/245 [01:48<00:02,  2.23it/s]
Validating: 100% 245/245 [01:50<00:00,  2.22it/s]--------------------
Validation avg_loss:  tensor(3.5176, device='cuda:0')
Validation avg_acc:  tensor(0.4974, device='cuda:0')
Writing predictions for /content/devnewdata_2.csv to ./epoch_4_predictions.csv
--------------------
Epoch 4: 100% 832/832 [14:02<00:00,  1.01s/it, loss=0.0332, v_num=1, train_loss_step=0.00043, train_acc_step=1.000, train_loss_epoch=0.128, train_acc_epoch=0.956]
                                                 --------------------
Train avg_loss:  tensor(0.0428, device='cuda:0')
Train avg_acc:  tensor(0.9859, device='cuda:0')
--------------------
Epoch 4: 100% 832/832 [14:11<00:00,  1.02s/it, loss=0.0332, v_num=1, train_loss_step=0.00043, train_acc_step=1.000, train_loss_epoch=0.128, train_acc_epoch=0.956]
