Training arguments Namespace(adam_epsilon=1e-08, distributed_backend=None, early_stop_callback=False, fp_16=False, max_grad_norm=1.0, n_gpu=-1, num_workers=8, opt_level='O1', warmup_steps=0, weight_decay=0.0)
--------------------
Model arguments Namespace(hidden_dropout_prob=0.15, max_input_seq_length=128, model_name_or_path='bert-base-uncased')
--------------------
Other arguments Namespace(DEV_FILE='/content/devnewdata_2.csv', TRAIN_FILE='/content/train_easy_50_ambi_50_hard_100.csv', do_fast_dev_run=False, eval_batch_size=8, gradient_accumulation_steps=1, learning_rate=5e-05, limit_train_batches=-1, limit_val_batches=-1, max_train_samples=-1, num_train_epochs=5, output_dir='./', predictions_file='predictions.csv', save_last=False, save_top_k=-1, seed=42, train_batch_size=8, write_dev_predictions=True)
--------------------
Global seed set to 42
Downloading: 100% 28.0/28.0 [00:00<00:00, 25.2kB/s]
Downloading: 100% 570/570 [00:00<00:00, 529kB/s]
Downloading: 100% 226k/226k [00:00<00:00, 710kB/s]
Downloading: 100% 455k/455k [00:00<00:00, 1.15MB/s]
Downloading: 100% 420M/420M [00:10<00:00, 40.2MB/s]
Some weights of the model checkpoint at bert-base-uncased were not used when initializing BertForMultipleChoice: ['cls.predictions.decoder.weight', 'cls.predictions.transform.dense.weight', 'cls.predictions.transform.LayerNorm.weight', 'cls.seq_relationship.bias', 'cls.seq_relationship.weight', 'cls.predictions.transform.LayerNorm.bias', 'cls.predictions.transform.dense.bias', 'cls.predictions.bias']
- This IS expected if you are initializing BertForMultipleChoice from the checkpoint of a model trained on another task or with another architecture (e.g. initializing a BertForSequenceClassification model from a BertForPreTraining model).
- This IS NOT expected if you are initializing BertForMultipleChoice from the checkpoint of a model that you expect to be exactly identical (initializing a BertForSequenceClassification model from a BertForSequenceClassification model).
Some weights of BertForMultipleChoice were not initialized from the model checkpoint at bert-base-uncased and are newly initialized: ['classifier.weight', 'classifier.bias']
You should probably TRAIN this model on a down-stream task to be able to use it for predictions and inference.
GPU available: True, used: True
TPU available: False, using: 0 TPU cores
IPU available: False, using: 0 IPUs
LOCAL_RANK: 0 - CUDA_VISIBLE_DEVICES: [0]

  | Name  | Type                  | Params
------------------------------------------------
0 | model | BertForMultipleChoice | 109 M 
------------------------------------------------
109 M     Trainable params
0         Non-trainable params
109 M     Total params
437.932   Total estimated model params size (MB)
/usr/local/lib/python3.7/dist-packages/pytorch_lightning/callbacks/model_checkpoint.py:623: UserWarning: Checkpoint directory /content exists and is not empty.
  rank_zero_warn(f"Checkpoint directory {dirpath} exists and is not empty.")
Validation sanity check: 0it [00:00, ?it/s]/usr/local/lib/python3.7/dist-packages/torch/utils/data/dataloader.py:481: UserWarning: This DataLoader will create 8 worker processes in total. Our suggested max number of worker in current system is 2, which is smaller than what this DataLoader is going to create. Please be aware that excessive worker creation might get DataLoader running slow or even freeze, lower the worker number to avoid potential slowness/freeze if necessary.
  cpuset_checked))
Validation sanity check:   0% 0/2 [00:00<?, ?it/s]--------------------
Validation avg_loss:  tensor(1.1031, device='cuda:0')
Validation avg_acc:  tensor(0.2500, device='cuda:0')
Writing predictions for /content/devnewdata_2.csv to ./epoch_0_predictions.csv
--------------------
Global seed set to 42
Epoch 0:  59% 340/576 [05:29<03:48,  1.03it/s, loss=1.11, v_num=0, train_loss_step=1.100, train_acc_step=0.500]
Validating: 0it [00:00, ?it/s]
Validating:   0% 0/245 [00:00<?, ?it/s]
Epoch 0:  62% 360/576 [05:37<03:22,  1.07it/s, loss=1.11, v_num=0, train_loss_step=1.100, train_acc_step=0.500]
Epoch 0:  66% 380/576 [05:44<02:57,  1.10it/s, loss=1.11, v_num=0, train_loss_step=1.100, train_acc_step=0.500]
Epoch 0:  69% 400/576 [05:51<02:34,  1.14it/s, loss=1.11, v_num=0, train_loss_step=1.100, train_acc_step=0.500]
Epoch 0:  73% 420/576 [05:58<02:13,  1.17it/s, loss=1.11, v_num=0, train_loss_step=1.100, train_acc_step=0.500]
Epoch 0:  76% 440/576 [06:06<01:53,  1.20it/s, loss=1.11, v_num=0, train_loss_step=1.100, train_acc_step=0.500]
Epoch 0:  80% 460/576 [06:13<01:34,  1.23it/s, loss=1.11, v_num=0, train_loss_step=1.100, train_acc_step=0.500]
Epoch 0:  83% 480/576 [06:20<01:16,  1.26it/s, loss=1.11, v_num=0, train_loss_step=1.100, train_acc_step=0.500]
Epoch 0:  87% 500/576 [06:27<00:58,  1.29it/s, loss=1.11, v_num=0, train_loss_step=1.100, train_acc_step=0.500]
Epoch 0:  90% 520/576 [06:34<00:42,  1.32it/s, loss=1.11, v_num=0, train_loss_step=1.100, train_acc_step=0.500]
Epoch 0:  94% 540/576 [06:42<00:26,  1.34it/s, loss=1.11, v_num=0, train_loss_step=1.100, train_acc_step=0.500]
Epoch 0:  97% 560/576 [06:49<00:11,  1.37it/s, loss=1.11, v_num=0, train_loss_step=1.100, train_acc_step=0.500]
Validating:  98% 240/245 [01:26<00:01,  2.77it/s]
Validating: 100% 245/245 [01:28<00:00,  2.78it/s]--------------------
Validation avg_loss:  tensor(1.0976, device='cuda:0')
Validation avg_acc:  tensor(0.3913, device='cuda:0')
Writing predictions for /content/devnewdata_2.csv to ./epoch_0_predictions.csv
--------------------
Epoch 0: 100% 576/576 [06:58<00:00,  1.38it/s, loss=1.11, v_num=0, train_loss_step=1.060, train_acc_step=0.625]
                                                 --------------------
Train avg_loss:  tensor(1.1049, device='cuda:0')
Train avg_acc:  tensor(0.3335, device='cuda:0')
--------------------
tcmalloc: large alloc 1092804608 bytes == 0x56470e510000 @  0x7f2b7e4f1615 0x5646367244cc 0x56463680447a 0x56463672af0c 0x7f2b797439e4 0x7f2b7974bb14 0x7f2b79720a60 0x7f2ad0efef55 0x7f2ad0efa88e 0x7f2ad0f02235 0x7f2b79720fae 0x7f2b78e97aa8 0x564636728098 0x56463679b4d9 0x564636795ced 0x564636728bda 0x564636796915 0x5646367959ee 0x564636728bda 0x56463679ad00 0x564636728afa 0x564636796915 0x5646367959ee 0x564636728bda 0x564636796c0d 0x564636728afa 0x564636796c0d 0x5646367959ee 0x564636728bda 0x564636796c0d 0x5646367959ee
tcmalloc: large alloc 1366007808 bytes == 0x564757df8000 @  0x7f2b7e4f1615 0x5646367244cc 0x56463680447a 0x56463672af0c 0x7f2b797439e4 0x7f2b7974bb14 0x7f2b79720a60 0x7f2ad0efef55 0x7f2ad0efa88e 0x7f2ad0f02235 0x7f2b79720fae 0x7f2b78e97aa8 0x564636728098 0x56463679b4d9 0x564636795ced 0x564636728bda 0x564636796915 0x5646367959ee 0x564636728bda 0x56463679ad00 0x564636728afa 0x564636796915 0x5646367959ee 0x564636728bda 0x564636796c0d 0x564636728afa 0x564636796c0d 0x5646367959ee 0x564636728bda 0x564636796c0d 0x5646367959ee
tcmalloc: large alloc 1707515904 bytes == 0x5646da352000 @  0x7f2b7e4f1615 0x5646367244cc 0x56463680447a 0x56463672af0c 0x7f2b797439e4 0x7f2b7974bb14 0x7f2b79720a60 0x7f2ad0efef55 0x7f2ad0efa88e 0x7f2ad0f02235 0x7f2b79720fae 0x7f2b78e97aa8 0x564636728098 0x56463679b4d9 0x564636795ced 0x564636728bda 0x564636796915 0x5646367959ee 0x564636728bda 0x56463679ad00 0x564636728afa 0x564636796915 0x5646367959ee 0x564636728bda 0x564636796c0d 0x564636728afa 0x564636796c0d 0x5646367959ee 0x564636728bda 0x564636796c0d 0x5646367959ee
Epoch 1:  59% 340/576 [05:30<03:49,  1.03it/s, loss=1.09, v_num=0, train_loss_step=1.140, train_acc_step=0.375, train_loss_epoch=1.100, train_acc_epoch=0.333]
Validating: 0it [00:00, ?it/s]
Validating:   0% 0/245 [00:00<?, ?it/s]
Epoch 1:  62% 360/576 [05:38<03:23,  1.06it/s, loss=1.09, v_num=0, train_loss_step=1.140, train_acc_step=0.375, train_loss_epoch=1.100, train_acc_epoch=0.333]
Epoch 1:  66% 380/576 [05:45<02:58,  1.10it/s, loss=1.09, v_num=0, train_loss_step=1.140, train_acc_step=0.375, train_loss_epoch=1.100, train_acc_epoch=0.333]
Epoch 1:  69% 400/576 [05:52<02:35,  1.13it/s, loss=1.09, v_num=0, train_loss_step=1.140, train_acc_step=0.375, train_loss_epoch=1.100, train_acc_epoch=0.333]
Epoch 1:  73% 420/576 [06:00<02:13,  1.17it/s, loss=1.09, v_num=0, train_loss_step=1.140, train_acc_step=0.375, train_loss_epoch=1.100, train_acc_epoch=0.333]
Epoch 1:  76% 440/576 [06:07<01:53,  1.20it/s, loss=1.09, v_num=0, train_loss_step=1.140, train_acc_step=0.375, train_loss_epoch=1.100, train_acc_epoch=0.333]
Epoch 1:  80% 460/576 [06:14<01:34,  1.23it/s, loss=1.09, v_num=0, train_loss_step=1.140, train_acc_step=0.375, train_loss_epoch=1.100, train_acc_epoch=0.333]
Epoch 1:  83% 480/576 [06:21<01:16,  1.26it/s, loss=1.09, v_num=0, train_loss_step=1.140, train_acc_step=0.375, train_loss_epoch=1.100, train_acc_epoch=0.333]
Epoch 1:  87% 500/576 [06:28<00:59,  1.29it/s, loss=1.09, v_num=0, train_loss_step=1.140, train_acc_step=0.375, train_loss_epoch=1.100, train_acc_epoch=0.333]
Epoch 1:  90% 520/576 [06:35<00:42,  1.31it/s, loss=1.09, v_num=0, train_loss_step=1.140, train_acc_step=0.375, train_loss_epoch=1.100, train_acc_epoch=0.333]
Epoch 1:  94% 540/576 [06:43<00:26,  1.34it/s, loss=1.09, v_num=0, train_loss_step=1.140, train_acc_step=0.375, train_loss_epoch=1.100, train_acc_epoch=0.333]
Epoch 1:  97% 560/576 [06:50<00:11,  1.36it/s, loss=1.09, v_num=0, train_loss_step=1.140, train_acc_step=0.375, train_loss_epoch=1.100, train_acc_epoch=0.333]
Validating:  98% 240/245 [01:26<00:01,  2.78it/s]
Validating: 100% 245/245 [01:28<00:00,  2.77it/s]--------------------
Validation avg_loss:  tensor(1.0708, device='cuda:0')
Validation avg_acc:  tensor(0.4306, device='cuda:0')
Writing predictions for /content/devnewdata_2.csv to ./epoch_1_predictions.csv
--------------------
Epoch 1: 100% 576/576 [06:59<00:00,  1.37it/s, loss=1.09, v_num=0, train_loss_step=1.080, train_acc_step=0.250, train_loss_epoch=1.100, train_acc_epoch=0.333]
                                                 --------------------
Train avg_loss:  tensor(1.0865, device='cuda:0')
Train avg_acc:  tensor(0.3667, device='cuda:0')
--------------------
Epoch 1: 100% 576/576 [07:00<00:00,  1.37it/s, loss=1.09, v_num=0, train_loss_step=1.080, train_acc_step=0.250, train_loss_epoch=1.100, train_acc_epoch=0.333]tcmalloc: large alloc 1707515904 bytes == 0x5646da352000 @  0x7f2b7e4f1615 0x5646367244cc 0x56463680447a 0x56463672af0c 0x7f2b797439e4 0x7f2b7974bb14 0x7f2b79720a60 0x7f2ad0efef55 0x7f2ad0efa88e 0x7f2ad0f02235 0x7f2b79720fae 0x7f2b78e97aa8 0x564636728098 0x56463679b4d9 0x564636795ced 0x564636728bda 0x564636796915 0x5646367959ee 0x564636728bda 0x56463679ad00 0x564636728afa 0x564636796915 0x5646367959ee 0x564636728bda 0x564636796c0d 0x564636728afa 0x564636796c0d 0x5646367959ee 0x564636728bda 0x564636796c0d 0x5646367959ee
Epoch 2:  59% 340/576 [05:30<03:49,  1.03it/s, loss=1.07, v_num=0, train_loss_step=1.600, train_acc_step=0.250, train_loss_epoch=1.090, train_acc_epoch=0.367]
Validating: 0it [00:00, ?it/s]
Validating:   0% 0/245 [00:00<?, ?it/s]
Epoch 2:  62% 360/576 [05:38<03:22,  1.06it/s, loss=1.07, v_num=0, train_loss_step=1.600, train_acc_step=0.250, train_loss_epoch=1.090, train_acc_epoch=0.367]
Epoch 2:  66% 380/576 [05:45<02:58,  1.10it/s, loss=1.07, v_num=0, train_loss_step=1.600, train_acc_step=0.250, train_loss_epoch=1.090, train_acc_epoch=0.367]
Epoch 2:  69% 400/576 [05:52<02:35,  1.13it/s, loss=1.07, v_num=0, train_loss_step=1.600, train_acc_step=0.250, train_loss_epoch=1.090, train_acc_epoch=0.367]
Epoch 2:  73% 420/576 [05:59<02:13,  1.17it/s, loss=1.07, v_num=0, train_loss_step=1.600, train_acc_step=0.250, train_loss_epoch=1.090, train_acc_epoch=0.367]
Epoch 2:  76% 440/576 [06:06<01:53,  1.20it/s, loss=1.07, v_num=0, train_loss_step=1.600, train_acc_step=0.250, train_loss_epoch=1.090, train_acc_epoch=0.367]
Epoch 2:  80% 460/576 [06:14<01:34,  1.23it/s, loss=1.07, v_num=0, train_loss_step=1.600, train_acc_step=0.250, train_loss_epoch=1.090, train_acc_epoch=0.367]
Epoch 2:  83% 480/576 [06:21<01:16,  1.26it/s, loss=1.07, v_num=0, train_loss_step=1.600, train_acc_step=0.250, train_loss_epoch=1.090, train_acc_epoch=0.367]
Epoch 2:  87% 500/576 [06:28<00:59,  1.29it/s, loss=1.07, v_num=0, train_loss_step=1.600, train_acc_step=0.250, train_loss_epoch=1.090, train_acc_epoch=0.367]
Epoch 2:  90% 520/576 [06:35<00:42,  1.31it/s, loss=1.07, v_num=0, train_loss_step=1.600, train_acc_step=0.250, train_loss_epoch=1.090, train_acc_epoch=0.367]
Epoch 2:  94% 540/576 [06:42<00:26,  1.34it/s, loss=1.07, v_num=0, train_loss_step=1.600, train_acc_step=0.250, train_loss_epoch=1.090, train_acc_epoch=0.367]
Epoch 2:  97% 560/576 [06:50<00:11,  1.37it/s, loss=1.07, v_num=0, train_loss_step=1.600, train_acc_step=0.250, train_loss_epoch=1.090, train_acc_epoch=0.367]
Validating:  98% 240/245 [01:26<00:01,  2.78it/s]
Validating: 100% 245/245 [01:28<00:00,  2.78it/s]--------------------
Validation avg_loss:  tensor(1.0617, device='cuda:0')
Validation avg_acc:  tensor(0.4362, device='cuda:0')
Writing predictions for /content/devnewdata_2.csv to ./epoch_2_predictions.csv
--------------------
Epoch 2: 100% 576/576 [06:59<00:00,  1.37it/s, loss=1.11, v_num=0, train_loss_step=1.110, train_acc_step=0.250, train_loss_epoch=1.090, train_acc_epoch=0.367]
                                                 --------------------
Train avg_loss:  tensor(1.0102, device='cuda:0')
Train avg_acc:  tensor(0.4872, device='cuda:0')
--------------------
Epoch 3:  59% 340/576 [05:30<03:49,  1.03it/s, loss=0.736, v_num=0, train_loss_step=0.629, train_acc_step=0.625, train_loss_epoch=1.010, train_acc_epoch=0.487]
Validating: 0it [00:00, ?it/s]
Validating:   0% 0/245 [00:00<?, ?it/s]
Epoch 3:  62% 360/576 [05:37<03:22,  1.07it/s, loss=0.736, v_num=0, train_loss_step=0.629, train_acc_step=0.625, train_loss_epoch=1.010, train_acc_epoch=0.487]
Epoch 3:  66% 380/576 [05:45<02:58,  1.10it/s, loss=0.736, v_num=0, train_loss_step=0.629, train_acc_step=0.625, train_loss_epoch=1.010, train_acc_epoch=0.487]
Epoch 3:  69% 400/576 [05:52<02:35,  1.14it/s, loss=0.736, v_num=0, train_loss_step=0.629, train_acc_step=0.625, train_loss_epoch=1.010, train_acc_epoch=0.487]
Epoch 3:  73% 420/576 [05:59<02:13,  1.17it/s, loss=0.736, v_num=0, train_loss_step=0.629, train_acc_step=0.625, train_loss_epoch=1.010, train_acc_epoch=0.487]
Epoch 3:  76% 440/576 [06:06<01:53,  1.20it/s, loss=0.736, v_num=0, train_loss_step=0.629, train_acc_step=0.625, train_loss_epoch=1.010, train_acc_epoch=0.487]
Epoch 3:  80% 460/576 [06:14<01:34,  1.23it/s, loss=0.736, v_num=0, train_loss_step=0.629, train_acc_step=0.625, train_loss_epoch=1.010, train_acc_epoch=0.487]
Epoch 3:  83% 480/576 [06:21<01:16,  1.26it/s, loss=0.736, v_num=0, train_loss_step=0.629, train_acc_step=0.625, train_loss_epoch=1.010, train_acc_epoch=0.487]
Epoch 3:  87% 500/576 [06:28<00:59,  1.29it/s, loss=0.736, v_num=0, train_loss_step=0.629, train_acc_step=0.625, train_loss_epoch=1.010, train_acc_epoch=0.487]
Epoch 3:  90% 520/576 [06:35<00:42,  1.31it/s, loss=0.736, v_num=0, train_loss_step=0.629, train_acc_step=0.625, train_loss_epoch=1.010, train_acc_epoch=0.487]
Epoch 3:  94% 540/576 [06:42<00:26,  1.34it/s, loss=0.736, v_num=0, train_loss_step=0.629, train_acc_step=0.625, train_loss_epoch=1.010, train_acc_epoch=0.487]
Epoch 3:  97% 560/576 [06:50<00:11,  1.37it/s, loss=0.736, v_num=0, train_loss_step=0.629, train_acc_step=0.625, train_loss_epoch=1.010, train_acc_epoch=0.487]
Validating:  98% 240/245 [01:27<00:01,  2.77it/s]
Validating: 100% 245/245 [01:29<00:00,  2.76it/s]--------------------
Validation avg_loss:  tensor(1.2959, device='cuda:0')
Validation avg_acc:  tensor(0.4531, device='cuda:0')
Writing predictions for /content/devnewdata_2.csv to ./epoch_3_predictions.csv
--------------------
Epoch 3: 100% 576/576 [06:59<00:00,  1.37it/s, loss=0.812, v_num=0, train_loss_step=1.250, train_acc_step=0.500, train_loss_epoch=1.010, train_acc_epoch=0.487]
                                                 --------------------
Train avg_loss:  tensor(0.7541, device='cuda:0')
Train avg_acc:  tensor(0.6828, device='cuda:0')
--------------------
Epoch 4:  59% 340/576 [05:30<03:49,  1.03it/s, loss=0.444, v_num=0, train_loss_step=0.495, train_acc_step=0.750, train_loss_epoch=0.754, train_acc_epoch=0.683]
Validating: 0it [00:00, ?it/s]
Validating:   0% 0/245 [00:00<?, ?it/s]
Epoch 4:  62% 360/576 [05:38<03:23,  1.06it/s, loss=0.444, v_num=0, train_loss_step=0.495, train_acc_step=0.750, train_loss_epoch=0.754, train_acc_epoch=0.683]
Epoch 4:  66% 380/576 [05:45<02:58,  1.10it/s, loss=0.444, v_num=0, train_loss_step=0.495, train_acc_step=0.750, train_loss_epoch=0.754, train_acc_epoch=0.683]
Epoch 4:  69% 400/576 [05:52<02:35,  1.13it/s, loss=0.444, v_num=0, train_loss_step=0.495, train_acc_step=0.750, train_loss_epoch=0.754, train_acc_epoch=0.683]
Epoch 4:  73% 420/576 [06:00<02:13,  1.17it/s, loss=0.444, v_num=0, train_loss_step=0.495, train_acc_step=0.750, train_loss_epoch=0.754, train_acc_epoch=0.683]
Epoch 4:  76% 440/576 [06:07<01:53,  1.20it/s, loss=0.444, v_num=0, train_loss_step=0.495, train_acc_step=0.750, train_loss_epoch=0.754, train_acc_epoch=0.683]
Epoch 4:  80% 460/576 [06:14<01:34,  1.23it/s, loss=0.444, v_num=0, train_loss_step=0.495, train_acc_step=0.750, train_loss_epoch=0.754, train_acc_epoch=0.683]
Epoch 4:  83% 480/576 [06:21<01:16,  1.26it/s, loss=0.444, v_num=0, train_loss_step=0.495, train_acc_step=0.750, train_loss_epoch=0.754, train_acc_epoch=0.683]
Epoch 4:  87% 500/576 [06:28<00:59,  1.29it/s, loss=0.444, v_num=0, train_loss_step=0.495, train_acc_step=0.750, train_loss_epoch=0.754, train_acc_epoch=0.683]
Epoch 4:  90% 520/576 [06:36<00:42,  1.31it/s, loss=0.444, v_num=0, train_loss_step=0.495, train_acc_step=0.750, train_loss_epoch=0.754, train_acc_epoch=0.683]
Epoch 4:  94% 540/576 [06:43<00:26,  1.34it/s, loss=0.444, v_num=0, train_loss_step=0.495, train_acc_step=0.750, train_loss_epoch=0.754, train_acc_epoch=0.683]
Epoch 4:  97% 560/576 [06:50<00:11,  1.36it/s, loss=0.444, v_num=0, train_loss_step=0.495, train_acc_step=0.750, train_loss_epoch=0.754, train_acc_epoch=0.683]
Validating:  98% 240/245 [01:27<00:01,  2.77it/s]
Validating: 100% 245/245 [01:29<00:00,  2.76it/s]--------------------
Validation avg_loss:  tensor(1.6295, device='cuda:0')
Validation avg_acc:  tensor(0.4515, device='cuda:0')
Writing predictions for /content/devnewdata_2.csv to ./epoch_4_predictions.csv
--------------------
Epoch 4: 100% 576/576 [06:59<00:00,  1.37it/s, loss=0.393, v_num=0, train_loss_step=0.145, train_acc_step=1.000, train_loss_epoch=0.754, train_acc_epoch=0.683]
                                                 --------------------
Train avg_loss:  tensor(0.5013, device='cuda:0')
Train avg_acc:  tensor(0.7991, device='cuda:0')
--------------------
Epoch 4: 100% 576/576 [07:08<00:00,  1.35it/s, loss=0.393, v_num=0, train_loss_step=0.145, train_acc_step=1.000, train_loss_epoch=0.754, train_acc_epoch=0.683]