Training arguments Namespace(adam_epsilon=1e-08, distributed_backend=None, early_stop_callback=False, fp_16=False, max_grad_norm=1.0, n_gpu=-1, num_workers=8, opt_level='O1', warmup_steps=0, weight_decay=0.0)
--------------------
Model arguments Namespace(hidden_dropout_prob=0.15, max_input_seq_length=128, model_name_or_path='bert-base-uncased')
--------------------
Other arguments Namespace(DEV_FILE='/content/devnewdata_2.csv', TRAIN_FILE='/content/train_ambi_75_hard_100.csv', do_fast_dev_run=False, eval_batch_size=8, gradient_accumulation_steps=1, learning_rate=5e-05, limit_train_batches=-1, limit_val_batches=-1, max_train_samples=-1, num_train_epochs=5, output_dir='./', predictions_file='predictions.csv', save_last=False, save_top_k=-1, seed=42, train_batch_size=8, write_dev_predictions=True)
--------------------
Global seed set to 42
Some weights of the model checkpoint at bert-base-uncased were not used when initializing BertForMultipleChoice: ['cls.predictions.transform.dense.bias', 'cls.predictions.transform.LayerNorm.bias', 'cls.seq_relationship.bias', 'cls.predictions.decoder.weight', 'cls.seq_relationship.weight', 'cls.predictions.transform.dense.weight', 'cls.predictions.bias', 'cls.predictions.transform.LayerNorm.weight']
- This IS expected if you are initializing BertForMultipleChoice from the checkpoint of a model trained on another task or with another architecture (e.g. initializing a BertForSequenceClassification model from a BertForPreTraining model).
- This IS NOT expected if you are initializing BertForMultipleChoice from the checkpoint of a model that you expect to be exactly identical (initializing a BertForSequenceClassification model from a BertForSequenceClassification model).
Some weights of BertForMultipleChoice were not initialized from the model checkpoint at bert-base-uncased and are newly initialized: ['classifier.bias', 'classifier.weight']
You should probably TRAIN this model on a down-stream task to be able to use it for predictions and inference.
GPU available: True, used: True
TPU available: False, using: 0 TPU cores
IPU available: False, using: 0 IPUs
LOCAL_RANK: 0 - CUDA_VISIBLE_DEVICES: [0]

  | Name  | Type                  | Params
------------------------------------------------
0 | model | BertForMultipleChoice | 109 M 
------------------------------------------------
109 M     Trainable params
0         Non-trainable params
109 M     Total params
437.932   Total estimated model params size (MB)
/usr/local/lib/python3.7/dist-packages/pytorch_lightning/callbacks/model_checkpoint.py:623: UserWarning: Checkpoint directory /content exists and is not empty.
  rank_zero_warn(f"Checkpoint directory {dirpath} exists and is not empty.")
Validation sanity check: 0it [00:00, ?it/s]/usr/local/lib/python3.7/dist-packages/torch/utils/data/dataloader.py:481: UserWarning: This DataLoader will create 8 worker processes in total. Our suggested max number of worker in current system is 2, which is smaller than what this DataLoader is going to create. Please be aware that excessive worker creation might get DataLoader running slow or even freeze, lower the worker number to avoid potential slowness/freeze if necessary.
  cpuset_checked))
Validation sanity check:   0% 0/2 [00:00<?, ?it/s]--------------------
Validation avg_loss:  tensor(1.1031, device='cuda:0')
Validation avg_acc:  tensor(0.2500, device='cuda:0')
Writing predictions for /content/devnewdata_2.csv to ./epoch_0_predictions.csv
--------------------
Global seed set to 42
Epoch 0:  41% 160/395 [02:30<03:40,  1.07it/s, loss=1.11, v_num=1, train_loss_step=0.983, train_acc_step=0.500]
Validating: 0it [00:00, ?it/s]
Validating:   0% 0/245 [00:00<?, ?it/s]
Epoch 0:  46% 180/395 [02:37<03:08,  1.14it/s, loss=1.11, v_num=1, train_loss_step=0.983, train_acc_step=0.500]
Epoch 0:  51% 200/395 [02:45<02:40,  1.21it/s, loss=1.11, v_num=1, train_loss_step=0.983, train_acc_step=0.500]
Epoch 0:  56% 220/395 [02:52<02:17,  1.28it/s, loss=1.11, v_num=1, train_loss_step=0.983, train_acc_step=0.500]
Epoch 0:  61% 240/395 [02:59<01:55,  1.34it/s, loss=1.11, v_num=1, train_loss_step=0.983, train_acc_step=0.500]
Epoch 0:  66% 260/395 [03:06<01:36,  1.39it/s, loss=1.11, v_num=1, train_loss_step=0.983, train_acc_step=0.500]
Epoch 0:  71% 280/395 [03:13<01:19,  1.44it/s, loss=1.11, v_num=1, train_loss_step=0.983, train_acc_step=0.500]
Epoch 0:  76% 300/395 [03:21<01:03,  1.49it/s, loss=1.11, v_num=1, train_loss_step=0.983, train_acc_step=0.500]
Epoch 0:  81% 320/395 [03:28<00:48,  1.54it/s, loss=1.11, v_num=1, train_loss_step=0.983, train_acc_step=0.500]
Epoch 0:  86% 340/395 [03:35<00:34,  1.58it/s, loss=1.11, v_num=1, train_loss_step=0.983, train_acc_step=0.500]
Epoch 0:  91% 360/395 [03:42<00:21,  1.62it/s, loss=1.11, v_num=1, train_loss_step=0.983, train_acc_step=0.500]
Epoch 0:  96% 380/395 [03:49<00:09,  1.65it/s, loss=1.11, v_num=1, train_loss_step=0.983, train_acc_step=0.500]
Validating:  98% 240/245 [01:27<00:01,  2.77it/s]
Validating: 100% 245/245 [01:28<00:00,  2.78it/s]--------------------
Validation avg_loss:  tensor(1.0986, device='cuda:0')
Validation avg_acc:  tensor(0.3474, device='cuda:0')
Writing predictions for /content/devnewdata_2.csv to ./epoch_0_predictions.csv
--------------------
Epoch 0: 100% 395/395 [03:58<00:00,  1.65it/s, loss=1.12, v_num=1, train_loss_step=1.110, train_acc_step=0.250]
                                                 --------------------
Train avg_loss:  tensor(1.1104, device='cuda:0')
Train avg_acc:  tensor(0.3342, device='cuda:0')
--------------------
tcmalloc: large alloc 1092804608 bytes == 0x5598e334a000 @  0x7f1ba9704615 0x5597c6e644cc 0x5597c6f4447a 0x5597c6e6af0c 0x7f1ba49569e4 0x7f1ba495eb14 0x7f1ba4933a60 0x7f1afc111f55 0x7f1afc10d88e 0x7f1afc115235 0x7f1ba4933fae 0x7f1ba40aaaa8 0x5597c6e68098 0x5597c6edb4d9 0x5597c6ed5ced 0x5597c6e68bda 0x5597c6ed6915 0x5597c6ed59ee 0x5597c6e68bda 0x5597c6edad00 0x5597c6e68afa 0x5597c6ed6915 0x5597c6ed59ee 0x5597c6e68bda 0x5597c6ed6c0d 0x5597c6e68afa 0x5597c6ed6c0d 0x5597c6ed59ee 0x5597c6e68bda 0x5597c6ed6c0d 0x5597c6ed59ee
tcmalloc: large alloc 1366007808 bytes == 0x55986a3ae000 @  0x7f1ba9704615 0x5597c6e644cc 0x5597c6f4447a 0x5597c6e6af0c 0x7f1ba49569e4 0x7f1ba495eb14 0x7f1ba4933a60 0x7f1afc111f55 0x7f1afc10d88e 0x7f1afc115235 0x7f1ba4933fae 0x7f1ba40aaaa8 0x5597c6e68098 0x5597c6edb4d9 0x5597c6ed5ced 0x5597c6e68bda 0x5597c6ed6915 0x5597c6ed59ee 0x5597c6e68bda 0x5597c6edad00 0x5597c6e68afa 0x5597c6ed6915 0x5597c6ed59ee 0x5597c6e68bda 0x5597c6ed6c0d 0x5597c6e68afa 0x5597c6ed6c0d 0x5597c6ed59ee 0x5597c6e68bda 0x5597c6ed6c0d 0x5597c6ed59ee
tcmalloc: large alloc 1707515904 bytes == 0x5598e334a000 @  0x7f1ba9704615 0x5597c6e644cc 0x5597c6f4447a 0x5597c6e6af0c 0x7f1ba49569e4 0x7f1ba495eb14 0x7f1ba4933a60 0x7f1afc111f55 0x7f1afc10d88e 0x7f1afc115235 0x7f1ba4933fae 0x7f1ba40aaaa8 0x5597c6e68098 0x5597c6edb4d9 0x5597c6ed5ced 0x5597c6e68bda 0x5597c6ed6915 0x5597c6ed59ee 0x5597c6e68bda 0x5597c6edad00 0x5597c6e68afa 0x5597c6ed6915 0x5597c6ed59ee 0x5597c6e68bda 0x5597c6ed6c0d 0x5597c6e68afa 0x5597c6ed6c0d 0x5597c6ed59ee 0x5597c6e68bda 0x5597c6ed6c0d 0x5597c6ed59ee
Epoch 1:  41% 160/395 [02:31<03:41,  1.06it/s, loss=1.1, v_num=1, train_loss_step=1.050, train_acc_step=0.625, train_loss_epoch=1.110, train_acc_epoch=0.334]
Validating: 0it [00:00, ?it/s]
Validating:   0% 0/245 [00:00<?, ?it/s]
Epoch 1:  46% 180/395 [02:39<03:09,  1.13it/s, loss=1.1, v_num=1, train_loss_step=1.050, train_acc_step=0.625, train_loss_epoch=1.110, train_acc_epoch=0.334]
Epoch 1:  51% 200/395 [02:46<02:42,  1.20it/s, loss=1.1, v_num=1, train_loss_step=1.050, train_acc_step=0.625, train_loss_epoch=1.110, train_acc_epoch=0.334]
Epoch 1:  56% 220/395 [02:53<02:18,  1.27it/s, loss=1.1, v_num=1, train_loss_step=1.050, train_acc_step=0.625, train_loss_epoch=1.110, train_acc_epoch=0.334]
Epoch 1:  61% 240/395 [03:00<01:56,  1.33it/s, loss=1.1, v_num=1, train_loss_step=1.050, train_acc_step=0.625, train_loss_epoch=1.110, train_acc_epoch=0.334]
Epoch 1:  66% 260/395 [03:07<01:37,  1.38it/s, loss=1.1, v_num=1, train_loss_step=1.050, train_acc_step=0.625, train_loss_epoch=1.110, train_acc_epoch=0.334]
Epoch 1:  71% 280/395 [03:15<01:20,  1.43it/s, loss=1.1, v_num=1, train_loss_step=1.050, train_acc_step=0.625, train_loss_epoch=1.110, train_acc_epoch=0.334]
Epoch 1:  76% 300/395 [03:22<01:04,  1.48it/s, loss=1.1, v_num=1, train_loss_step=1.050, train_acc_step=0.625, train_loss_epoch=1.110, train_acc_epoch=0.334]
Epoch 1:  81% 320/395 [03:29<00:49,  1.53it/s, loss=1.1, v_num=1, train_loss_step=1.050, train_acc_step=0.625, train_loss_epoch=1.110, train_acc_epoch=0.334]
Epoch 1:  86% 340/395 [03:36<00:35,  1.57it/s, loss=1.1, v_num=1, train_loss_step=1.050, train_acc_step=0.625, train_loss_epoch=1.110, train_acc_epoch=0.334]
Epoch 1:  91% 360/395 [03:44<00:21,  1.61it/s, loss=1.1, v_num=1, train_loss_step=1.050, train_acc_step=0.625, train_loss_epoch=1.110, train_acc_epoch=0.334]
Epoch 1:  96% 380/395 [03:51<00:09,  1.64it/s, loss=1.1, v_num=1, train_loss_step=1.050, train_acc_step=0.625, train_loss_epoch=1.110, train_acc_epoch=0.334]
Validating:  98% 240/245 [01:27<00:01,  2.77it/s]
Validating: 100% 245/245 [01:29<00:00,  2.75it/s]--------------------
Validation avg_loss:  tensor(1.0988, device='cuda:0')
Validation avg_acc:  tensor(0.3051, device='cuda:0')
Writing predictions for /content/devnewdata_2.csv to ./epoch_1_predictions.csv
--------------------
Epoch 1: 100% 395/395 [04:00<00:00,  1.64it/s, loss=1.11, v_num=1, train_loss_step=1.040, train_acc_step=0.500, train_loss_epoch=1.110, train_acc_epoch=0.334]
                                                 --------------------
Train avg_loss:  tensor(1.1167, device='cuda:0')
Train avg_acc:  tensor(0.3283, device='cuda:0')
--------------------
tcmalloc: large alloc 1707515904 bytes == 0x55986a3ae000 @  0x7f1ba9704615 0x5597c6e644cc 0x5597c6f4447a 0x5597c6e6af0c 0x7f1ba49569e4 0x7f1ba495eb14 0x7f1ba4933a60 0x7f1afc111f55 0x7f1afc10d88e 0x7f1afc115235 0x7f1ba4933fae 0x7f1ba40aaaa8 0x5597c6e68098 0x5597c6edb4d9 0x5597c6ed5ced 0x5597c6e68bda 0x5597c6ed6915 0x5597c6ed59ee 0x5597c6e68bda 0x5597c6edad00 0x5597c6e68afa 0x5597c6ed6915 0x5597c6ed59ee 0x5597c6e68bda 0x5597c6ed6c0d 0x5597c6e68afa 0x5597c6ed6c0d 0x5597c6ed59ee 0x5597c6e68bda 0x5597c6ed6c0d 0x5597c6ed59ee
Epoch 2:  41% 160/395 [02:30<03:41,  1.06it/s, loss=1.12, v_num=1, train_loss_step=1.070, train_acc_step=0.375, train_loss_epoch=1.120, train_acc_epoch=0.328]
Validating: 0it [00:00, ?it/s]
Validating:   0% 0/245 [00:00<?, ?it/s]
Epoch 2:  46% 180/395 [02:38<03:09,  1.13it/s, loss=1.12, v_num=1, train_loss_step=1.070, train_acc_step=0.375, train_loss_epoch=1.120, train_acc_epoch=0.328]
Epoch 2:  51% 200/395 [02:45<02:41,  1.21it/s, loss=1.12, v_num=1, train_loss_step=1.070, train_acc_step=0.375, train_loss_epoch=1.120, train_acc_epoch=0.328]
Epoch 2:  56% 220/395 [02:53<02:17,  1.27it/s, loss=1.12, v_num=1, train_loss_step=1.070, train_acc_step=0.375, train_loss_epoch=1.120, train_acc_epoch=0.328]
Epoch 2:  61% 240/395 [03:00<01:56,  1.33it/s, loss=1.12, v_num=1, train_loss_step=1.070, train_acc_step=0.375, train_loss_epoch=1.120, train_acc_epoch=0.328]
Epoch 2:  66% 260/395 [03:07<01:37,  1.39it/s, loss=1.12, v_num=1, train_loss_step=1.070, train_acc_step=0.375, train_loss_epoch=1.120, train_acc_epoch=0.328]
Epoch 2:  71% 280/395 [03:14<01:20,  1.44it/s, loss=1.12, v_num=1, train_loss_step=1.070, train_acc_step=0.375, train_loss_epoch=1.120, train_acc_epoch=0.328]
Epoch 2:  76% 300/395 [03:22<01:03,  1.48it/s, loss=1.12, v_num=1, train_loss_step=1.070, train_acc_step=0.375, train_loss_epoch=1.120, train_acc_epoch=0.328]
Epoch 2:  81% 320/395 [03:29<00:49,  1.53it/s, loss=1.12, v_num=1, train_loss_step=1.070, train_acc_step=0.375, train_loss_epoch=1.120, train_acc_epoch=0.328]
Epoch 2:  86% 340/395 [03:36<00:35,  1.57it/s, loss=1.12, v_num=1, train_loss_step=1.070, train_acc_step=0.375, train_loss_epoch=1.120, train_acc_epoch=0.328]
Epoch 2:  91% 360/395 [03:43<00:21,  1.61it/s, loss=1.12, v_num=1, train_loss_step=1.070, train_acc_step=0.375, train_loss_epoch=1.120, train_acc_epoch=0.328]
Epoch 2:  96% 380/395 [03:50<00:09,  1.65it/s, loss=1.12, v_num=1, train_loss_step=1.070, train_acc_step=0.375, train_loss_epoch=1.120, train_acc_epoch=0.328]
Validating:  98% 240/245 [01:27<00:01,  2.77it/s]
Validating: 100% 245/245 [01:29<00:00,  2.75it/s]--------------------
Validation avg_loss:  tensor(1.0987, device='cuda:0')
Validation avg_acc:  tensor(0.3143, device='cuda:0')
Writing predictions for /content/devnewdata_2.csv to ./epoch_2_predictions.csv
--------------------
Epoch 2: 100% 395/395 [04:00<00:00,  1.65it/s, loss=1.11, v_num=1, train_loss_step=1.120, train_acc_step=0.125, train_loss_epoch=1.120, train_acc_epoch=0.328]
                                                 --------------------
Train avg_loss:  tensor(1.1104, device='cuda:0')
Train avg_acc:  tensor(0.3217, device='cuda:0')
--------------------
Epoch 3:  41% 160/395 [02:31<03:41,  1.06it/s, loss=1.1, v_num=1, train_loss_step=1.140, train_acc_step=0.250, train_loss_epoch=1.110, train_acc_epoch=0.322]
Validating: 0it [00:00, ?it/s]
Validating:   0% 0/245 [00:00<?, ?it/s]
Epoch 3:  46% 180/395 [02:38<03:09,  1.13it/s, loss=1.1, v_num=1, train_loss_step=1.140, train_acc_step=0.250, train_loss_epoch=1.110, train_acc_epoch=0.322]
Epoch 3:  51% 200/395 [02:46<02:42,  1.20it/s, loss=1.1, v_num=1, train_loss_step=1.140, train_acc_step=0.250, train_loss_epoch=1.110, train_acc_epoch=0.322]
Epoch 3:  56% 220/395 [02:53<02:17,  1.27it/s, loss=1.1, v_num=1, train_loss_step=1.140, train_acc_step=0.250, train_loss_epoch=1.110, train_acc_epoch=0.322]
Epoch 3:  61% 240/395 [03:00<01:56,  1.33it/s, loss=1.1, v_num=1, train_loss_step=1.140, train_acc_step=0.250, train_loss_epoch=1.110, train_acc_epoch=0.322]
Epoch 3:  66% 260/395 [03:07<01:37,  1.38it/s, loss=1.1, v_num=1, train_loss_step=1.140, train_acc_step=0.250, train_loss_epoch=1.110, train_acc_epoch=0.322]
Epoch 3:  71% 280/395 [03:15<01:20,  1.43it/s, loss=1.1, v_num=1, train_loss_step=1.140, train_acc_step=0.250, train_loss_epoch=1.110, train_acc_epoch=0.322]
Epoch 3:  76% 300/395 [03:22<01:04,  1.48it/s, loss=1.1, v_num=1, train_loss_step=1.140, train_acc_step=0.250, train_loss_epoch=1.110, train_acc_epoch=0.322]
Epoch 3:  81% 320/395 [03:29<00:49,  1.53it/s, loss=1.1, v_num=1, train_loss_step=1.140, train_acc_step=0.250, train_loss_epoch=1.110, train_acc_epoch=0.322]
Epoch 3:  86% 340/395 [03:36<00:35,  1.57it/s, loss=1.1, v_num=1, train_loss_step=1.140, train_acc_step=0.250, train_loss_epoch=1.110, train_acc_epoch=0.322]
Epoch 3:  91% 360/395 [03:44<00:21,  1.61it/s, loss=1.1, v_num=1, train_loss_step=1.140, train_acc_step=0.250, train_loss_epoch=1.110, train_acc_epoch=0.322]
Epoch 3:  96% 380/395 [03:51<00:09,  1.64it/s, loss=1.1, v_num=1, train_loss_step=1.140, train_acc_step=0.250, train_loss_epoch=1.110, train_acc_epoch=0.322]
Validating:  98% 240/245 [01:27<00:01,  2.77it/s]
Validating: 100% 245/245 [01:29<00:00,  2.75it/s]--------------------
Validation avg_loss:  tensor(1.0988, device='cuda:0')
Validation avg_acc:  tensor(0.3214, device='cuda:0')
Writing predictions for /content/devnewdata_2.csv to ./epoch_3_predictions.csv
--------------------
Epoch 3: 100% 395/395 [04:00<00:00,  1.64it/s, loss=1.1, v_num=1, train_loss_step=1.080, train_acc_step=0.625, train_loss_epoch=1.110, train_acc_epoch=0.322]
                                                 --------------------
Train avg_loss:  tensor(1.1075, device='cuda:0')
Train avg_acc:  tensor(0.3342, device='cuda:0')
--------------------
Epoch 4:  41% 160/395 [02:31<03:42,  1.06it/s, loss=1.12, v_num=1, train_loss_step=1.110, train_acc_step=0.375, train_loss_epoch=1.110, train_acc_epoch=0.334]
Validating: 0it [00:00, ?it/s]
Validating:   0% 0/245 [00:00<?, ?it/s]
Epoch 4:  46% 180/395 [02:39<03:10,  1.13it/s, loss=1.12, v_num=1, train_loss_step=1.110, train_acc_step=0.375, train_loss_epoch=1.110, train_acc_epoch=0.334]
Epoch 4:  51% 200/395 [02:46<02:42,  1.20it/s, loss=1.12, v_num=1, train_loss_step=1.110, train_acc_step=0.375, train_loss_epoch=1.110, train_acc_epoch=0.334]
Epoch 4:  56% 220/395 [02:53<02:18,  1.27it/s, loss=1.12, v_num=1, train_loss_step=1.110, train_acc_step=0.375, train_loss_epoch=1.110, train_acc_epoch=0.334]
Epoch 4:  61% 240/395 [03:00<01:56,  1.33it/s, loss=1.12, v_num=1, train_loss_step=1.110, train_acc_step=0.375, train_loss_epoch=1.110, train_acc_epoch=0.334]
Epoch 4:  66% 260/395 [03:08<01:37,  1.38it/s, loss=1.12, v_num=1, train_loss_step=1.110, train_acc_step=0.375, train_loss_epoch=1.110, train_acc_epoch=0.334]
Epoch 4:  71% 280/395 [03:15<01:20,  1.43it/s, loss=1.12, v_num=1, train_loss_step=1.110, train_acc_step=0.375, train_loss_epoch=1.110, train_acc_epoch=0.334]
Epoch 4:  76% 300/395 [03:22<01:04,  1.48it/s, loss=1.12, v_num=1, train_loss_step=1.110, train_acc_step=0.375, train_loss_epoch=1.110, train_acc_epoch=0.334]
Epoch 4:  81% 320/395 [03:29<00:49,  1.52it/s, loss=1.12, v_num=1, train_loss_step=1.110, train_acc_step=0.375, train_loss_epoch=1.110, train_acc_epoch=0.334]
Epoch 4:  86% 340/395 [03:37<00:35,  1.57it/s, loss=1.12, v_num=1, train_loss_step=1.110, train_acc_step=0.375, train_loss_epoch=1.110, train_acc_epoch=0.334]
Epoch 4:  91% 360/395 [03:44<00:21,  1.61it/s, loss=1.12, v_num=1, train_loss_step=1.110, train_acc_step=0.375, train_loss_epoch=1.110, train_acc_epoch=0.334]
Epoch 4:  96% 380/395 [03:51<00:09,  1.64it/s, loss=1.12, v_num=1, train_loss_step=1.110, train_acc_step=0.375, train_loss_epoch=1.110, train_acc_epoch=0.334]
Validating:  98% 240/245 [01:27<00:01,  2.77it/s]
Validating: 100% 245/245 [01:29<00:00,  2.75it/s]--------------------
Validation avg_loss:  tensor(1.0988, device='cuda:0')
Validation avg_acc:  tensor(0.3189, device='cuda:0')
Writing predictions for /content/devnewdata_2.csv to ./epoch_4_predictions.csv
--------------------
Epoch 4: 100% 395/395 [04:00<00:00,  1.64it/s, loss=1.11, v_num=1, train_loss_step=1.090, train_acc_step=0.375, train_loss_epoch=1.110, train_acc_epoch=0.334]
                                                 --------------------
Train avg_loss:  tensor(1.1079, device='cuda:0')
Train avg_acc:  tensor(0.3208, device='cuda:0')
--------------------
Epoch 4: 100% 395/395 [04:09<00:00,  1.58it/s, loss=1.11, v_num=1, train_loss_step=1.090, train_acc_step=0.375, train_loss_epoch=1.110, train_acc_epoch=0.334]