Training arguments Namespace(adam_epsilon=1e-08, distributed_backend=None, early_stop_callback=False, fp_16=False, max_grad_norm=1.0, n_gpu=-1, num_workers=8, opt_level='O1', warmup_steps=0, weight_decay=0.0)
--------------------
Model arguments Namespace(hidden_dropout_prob=0.15, max_input_seq_length=128, model_name_or_path='bert-base-uncased')
--------------------
Other arguments Namespace(DEV_FILE='./sst2_dev.csv', TRAIN_FILE='./train_ambi_75_hard_100.csv', do_fast_dev_run=False, eval_batch_size=16, gradient_accumulation_steps=1, learning_rate=5e-05, limit_train_batches=-1, limit_val_batches=-1, max_train_samples=-1, num_train_epochs=5, output_dir='./', predictions_file='predictions.csv', save_last=False, save_top_k=-1, seed=42, train_batch_size=16, write_dev_predictions=True)
--------------------
Global seed set to 42
Some weights of the model checkpoint at bert-base-uncased were not used when initializing BertForMultipleChoice: ['cls.predictions.transform.dense.weight', 'cls.predictions.transform.dense.bias', 'cls.predictions.transform.LayerNorm.weight', 'cls.seq_relationship.weight', 'cls.predictions.transform.LayerNorm.bias', 'cls.predictions.bias', 'cls.predictions.decoder.weight', 'cls.seq_relationship.bias']
- This IS expected if you are initializing BertForMultipleChoice from the checkpoint of a model trained on another task or with another architecture (e.g. initializing a BertForSequenceClassification model from a BertForPreTraining model).
- This IS NOT expected if you are initializing BertForMultipleChoice from the checkpoint of a model that you expect to be exactly identical (initializing a BertForSequenceClassification model from a BertForSequenceClassification model).
Some weights of BertForMultipleChoice were not initialized from the model checkpoint at bert-base-uncased and are newly initialized: ['classifier.bias', 'classifier.weight']
You should probably TRAIN this model on a down-stream task to be able to use it for predictions and inference.
GPU available: True, used: True
TPU available: False, using: 0 TPU cores
IPU available: False, using: 0 IPUs
LOCAL_RANK: 0 - CUDA_VISIBLE_DEVICES: [0]

  | Name  | Type                  | Params
------------------------------------------------
0 | model | BertForMultipleChoice | 109 M 
------------------------------------------------
109 M     Trainable params
0         Non-trainable params
109 M     Total params
437.932   Total estimated model params size (MB)
/usr/local/lib/python3.7/dist-packages/pytorch_lightning/callbacks/model_checkpoint.py:623: UserWarning: Checkpoint directory /content/sample_data exists and is not empty.
  rank_zero_warn(f"Checkpoint directory {dirpath} exists and is not empty.")
Validation sanity check: 0it [00:00, ?it/s]/usr/local/lib/python3.7/dist-packages/torch/utils/data/dataloader.py:481: UserWarning: This DataLoader will create 8 worker processes in total. Our suggested max number of worker in current system is 2, which is smaller than what this DataLoader is going to create. Please be aware that excessive worker creation might get DataLoader running slow or even freeze, lower the worker number to avoid potential slowness/freeze if necessary.
  cpuset_checked))
Validation sanity check:   0% 0/2 [00:00<?, ?it/s]--------------------
Validation avg_loss:  tensor(1.3864, device='cuda:0')
Validation avg_acc:  tensor(0.3750, device='cuda:0')
Writing predictions for ./sst2_dev.csv to ./epoch_0_predictions.csv
--------------------
Global seed set to 42
Epoch 0:  25% 60/238 [01:56<05:45,  1.94s/it, loss=1.33, v_num=2, train_loss_step=1.220, train_acc_step=0.500]
Validating: 0it [00:00, ?it/s]
Validating:   0% 0/188 [00:00<?, ?it/s]
Epoch 0:  34% 80/238 [02:14<04:26,  1.69s/it, loss=1.33, v_num=2, train_loss_step=1.220, train_acc_step=0.500]
Epoch 0:  42% 100/238 [02:32<03:30,  1.53s/it, loss=1.33, v_num=2, train_loss_step=1.220, train_acc_step=0.500]
Epoch 0:  50% 120/238 [02:50<02:47,  1.42s/it, loss=1.33, v_num=2, train_loss_step=1.220, train_acc_step=0.500]
Epoch 0:  59% 140/238 [03:08<02:12,  1.35s/it, loss=1.33, v_num=2, train_loss_step=1.220, train_acc_step=0.500]
Epoch 0:  67% 160/238 [03:26<01:40,  1.29s/it, loss=1.33, v_num=2, train_loss_step=1.220, train_acc_step=0.500]
Epoch 0:  76% 180/238 [03:44<01:12,  1.25s/it, loss=1.33, v_num=2, train_loss_step=1.220, train_acc_step=0.500]
Epoch 0:  84% 200/238 [04:02<00:46,  1.21s/it, loss=1.33, v_num=2, train_loss_step=1.220, train_acc_step=0.500]
Epoch 0:  92% 220/238 [04:20<00:21,  1.18s/it, loss=1.33, v_num=2, train_loss_step=1.220, train_acc_step=0.500]
Epoch 0: 100% 238/238 [04:38<00:00,  1.17s/it, loss=1.33, v_num=2, train_loss_step=1.220, train_acc_step=0.500]
Validating: 100% 188/188 [02:49<00:00,  1.12it/s]--------------------
Validation avg_loss:  tensor(1.2487, device='cuda:0')
Validation avg_acc:  tensor(0.5020, device='cuda:0')
Writing predictions for ./sst2_dev.csv to ./epoch_0_predictions.csv
--------------------
Epoch 0: 100% 238/238 [04:45<00:00,  1.20s/it, loss=1.27, v_num=2, train_loss_step=1.270, train_acc_step=0.438]
                                                 --------------------
Train avg_loss:  tensor(1.3384, device='cuda:0')
Train avg_acc:  tensor(0.3150, device='cuda:0')
--------------------
tcmalloc: large alloc 1092804608 bytes == 0x562d3fb30000 @  0x7f995928e615 0x562c2384a4cc 0x562c2392a47a 0x562c23850f0c 0x7f99544e09e4 0x7f99544e8b14 0x7f99544bda60 0x7f98abc9bf55 0x7f98abc9788e 0x7f98abc9f235 0x7f99544bdfae 0x7f9953c34aa8 0x562c2384e098 0x562c238c14d9 0x562c238bbced 0x562c2384ebda 0x562c238bc915 0x562c238bb9ee 0x562c2384ebda 0x562c238c0d00 0x562c2384eafa 0x562c238bc915 0x562c238bb9ee 0x562c2384ebda 0x562c238bcc0d 0x562c2384eafa 0x562c238bcc0d 0x562c238bb9ee 0x562c2384ebda 0x562c238bcc0d 0x562c238bb9ee
tcmalloc: large alloc 1366007808 bytes == 0x562cc6b94000 @  0x7f995928e615 0x562c2384a4cc 0x562c2392a47a 0x562c23850f0c 0x7f99544e09e4 0x7f99544e8b14 0x7f99544bda60 0x7f98abc9bf55 0x7f98abc9788e 0x7f98abc9f235 0x7f99544bdfae 0x7f9953c34aa8 0x562c2384e098 0x562c238c14d9 0x562c238bbced 0x562c2384ebda 0x562c238bc915 0x562c238bb9ee 0x562c2384ebda 0x562c238c0d00 0x562c2384eafa 0x562c238bc915 0x562c238bb9ee 0x562c2384ebda 0x562c238bcc0d 0x562c2384eafa 0x562c238bcc0d 0x562c238bb9ee 0x562c2384ebda 0x562c238bcc0d 0x562c238bb9ee
tcmalloc: large alloc 1707515904 bytes == 0x562d3fb30000 @  0x7f995928e615 0x562c2384a4cc 0x562c2392a47a 0x562c23850f0c 0x7f99544e09e4 0x7f99544e8b14 0x7f99544bda60 0x7f98abc9bf55 0x7f98abc9788e 0x7f98abc9f235 0x7f99544bdfae 0x7f9953c34aa8 0x562c2384e098 0x562c238c14d9 0x562c238bbced 0x562c2384ebda 0x562c238bc915 0x562c238bb9ee 0x562c2384ebda 0x562c238c0d00 0x562c2384eafa 0x562c238bc915 0x562c238bb9ee 0x562c2384ebda 0x562c238bcc0d 0x562c2384eafa 0x562c238bcc0d 0x562c238bb9ee 0x562c2384ebda 0x562c238bcc0d 0x562c238bb9ee
Epoch 1:  25% 60/238 [01:58<05:50,  1.97s/it, loss=0.945, v_num=2, train_loss_step=0.967, train_acc_step=0.688, train_loss_epoch=1.340, train_acc_epoch=0.315]
Validating: 0it [00:00, ?it/s]
Validating:   0% 0/188 [00:00<?, ?it/s]
Epoch 1:  34% 80/238 [02:16<04:30,  1.71s/it, loss=0.945, v_num=2, train_loss_step=0.967, train_acc_step=0.688, train_loss_epoch=1.340, train_acc_epoch=0.315]
Epoch 1:  42% 100/238 [02:34<03:33,  1.55s/it, loss=0.945, v_num=2, train_loss_step=0.967, train_acc_step=0.688, train_loss_epoch=1.340, train_acc_epoch=0.315]
Epoch 1:  50% 120/238 [02:52<02:49,  1.44s/it, loss=0.945, v_num=2, train_loss_step=0.967, train_acc_step=0.688, train_loss_epoch=1.340, train_acc_epoch=0.315]
Epoch 1:  59% 140/238 [03:10<02:13,  1.36s/it, loss=0.945, v_num=2, train_loss_step=0.967, train_acc_step=0.688, train_loss_epoch=1.340, train_acc_epoch=0.315]
Epoch 1:  67% 160/238 [03:28<01:41,  1.30s/it, loss=0.945, v_num=2, train_loss_step=0.967, train_acc_step=0.688, train_loss_epoch=1.340, train_acc_epoch=0.315]
Epoch 1:  76% 180/238 [03:46<01:13,  1.26s/it, loss=0.945, v_num=2, train_loss_step=0.967, train_acc_step=0.688, train_loss_epoch=1.340, train_acc_epoch=0.315]
Epoch 1:  84% 200/238 [04:04<00:46,  1.22s/it, loss=0.945, v_num=2, train_loss_step=0.967, train_acc_step=0.688, train_loss_epoch=1.340, train_acc_epoch=0.315]
Epoch 1:  92% 220/238 [04:22<00:21,  1.19s/it, loss=0.945, v_num=2, train_loss_step=0.967, train_acc_step=0.688, train_loss_epoch=1.340, train_acc_epoch=0.315]
Epoch 1: 100% 238/238 [04:40<00:00,  1.18s/it, loss=0.945, v_num=2, train_loss_step=0.967, train_acc_step=0.688, train_loss_epoch=1.340, train_acc_epoch=0.315]
Validating: 100% 188/188 [02:49<00:00,  1.12it/s]--------------------
Validation avg_loss:  tensor(1.0310, device='cuda:0')
Validation avg_acc:  tensor(0.5848, device='cuda:0')
Writing predictions for ./sst2_dev.csv to ./epoch_1_predictions.csv
--------------------
Epoch 1: 100% 238/238 [04:47<00:00,  1.21s/it, loss=0.921, v_num=2, train_loss_step=1.040, train_acc_step=0.562, train_loss_epoch=1.340, train_acc_epoch=0.315]
                                                 --------------------
Train avg_loss:  tensor(0.9947, device='cuda:0')
Train avg_acc:  tensor(0.6175, device='cuda:0')
--------------------
tcmalloc: large alloc 1707515904 bytes == 0x562cc6b94000 @  0x7f995928e615 0x562c2384a4cc 0x562c2392a47a 0x562c23850f0c 0x7f99544e09e4 0x7f99544e8b14 0x7f99544bda60 0x7f98abc9bf55 0x7f98abc9788e 0x7f98abc9f235 0x7f99544bdfae 0x7f9953c34aa8 0x562c2384e098 0x562c238c14d9 0x562c238bbced 0x562c2384ebda 0x562c238bc915 0x562c238bb9ee 0x562c2384ebda 0x562c238c0d00 0x562c2384eafa 0x562c238bc915 0x562c238bb9ee 0x562c2384ebda 0x562c238bcc0d 0x562c2384eafa 0x562c238bcc0d 0x562c238bb9ee 0x562c2384ebda 0x562c238bcc0d 0x562c238bb9ee
Epoch 2:  25% 60/238 [01:58<05:50,  1.97s/it, loss=0.553, v_num=2, train_loss_step=0.528, train_acc_step=0.875, train_loss_epoch=0.995, train_acc_epoch=0.618]
Validating: 0it [00:00, ?it/s]
Validating:   0% 0/188 [00:00<?, ?it/s]
Epoch 2:  34% 80/238 [02:16<04:30,  1.71s/it, loss=0.553, v_num=2, train_loss_step=0.528, train_acc_step=0.875, train_loss_epoch=0.995, train_acc_epoch=0.618]
Epoch 2:  42% 100/238 [02:34<03:33,  1.55s/it, loss=0.553, v_num=2, train_loss_step=0.528, train_acc_step=0.875, train_loss_epoch=0.995, train_acc_epoch=0.618]
Epoch 2:  50% 120/238 [02:52<02:49,  1.44s/it, loss=0.553, v_num=2, train_loss_step=0.528, train_acc_step=0.875, train_loss_epoch=0.995, train_acc_epoch=0.618]
Epoch 2:  59% 140/238 [03:10<02:13,  1.36s/it, loss=0.553, v_num=2, train_loss_step=0.528, train_acc_step=0.875, train_loss_epoch=0.995, train_acc_epoch=0.618]
Epoch 2:  67% 160/238 [03:28<01:41,  1.30s/it, loss=0.553, v_num=2, train_loss_step=0.528, train_acc_step=0.875, train_loss_epoch=0.995, train_acc_epoch=0.618]
Epoch 2:  76% 180/238 [03:46<01:13,  1.26s/it, loss=0.553, v_num=2, train_loss_step=0.528, train_acc_step=0.875, train_loss_epoch=0.995, train_acc_epoch=0.618]
Epoch 2:  84% 200/238 [04:04<00:46,  1.22s/it, loss=0.553, v_num=2, train_loss_step=0.528, train_acc_step=0.875, train_loss_epoch=0.995, train_acc_epoch=0.618]
Epoch 2:  92% 220/238 [04:22<00:21,  1.19s/it, loss=0.553, v_num=2, train_loss_step=0.528, train_acc_step=0.875, train_loss_epoch=0.995, train_acc_epoch=0.618]
Epoch 2: 100% 238/238 [04:40<00:00,  1.18s/it, loss=0.553, v_num=2, train_loss_step=0.528, train_acc_step=0.875, train_loss_epoch=0.995, train_acc_epoch=0.618]
Validating: 100% 188/188 [02:49<00:00,  1.12it/s]--------------------
Validation avg_loss:  tensor(1.0110, device='cuda:0')
Validation avg_acc:  tensor(0.6237, device='cuda:0')
Writing predictions for ./sst2_dev.csv to ./epoch_2_predictions.csv
--------------------
Epoch 2: 100% 238/238 [04:47<00:00,  1.21s/it, loss=0.553, v_num=2, train_loss_step=0.500, train_acc_step=0.812, train_loss_epoch=0.995, train_acc_epoch=0.618]
                                                 --------------------
Train avg_loss:  tensor(0.5755, device='cuda:0')
Train avg_acc:  tensor(0.8200, device='cuda:0')
--------------------
Epoch 3:  25% 60/238 [01:57<05:49,  1.97s/it, loss=0.228, v_num=2, train_loss_step=0.074, train_acc_step=1.000, train_loss_epoch=0.575, train_acc_epoch=0.820]
Validating: 0it [00:00, ?it/s]
Validating:   0% 0/188 [00:00<?, ?it/s]
Epoch 3:  34% 80/238 [02:16<04:30,  1.71s/it, loss=0.228, v_num=2, train_loss_step=0.074, train_acc_step=1.000, train_loss_epoch=0.575, train_acc_epoch=0.820]
Epoch 3:  42% 100/238 [02:34<03:33,  1.55s/it, loss=0.228, v_num=2, train_loss_step=0.074, train_acc_step=1.000, train_loss_epoch=0.575, train_acc_epoch=0.820]
Epoch 3:  50% 120/238 [02:52<02:49,  1.44s/it, loss=0.228, v_num=2, train_loss_step=0.074, train_acc_step=1.000, train_loss_epoch=0.575, train_acc_epoch=0.820]
Epoch 3:  59% 140/238 [03:10<02:13,  1.36s/it, loss=0.228, v_num=2, train_loss_step=0.074, train_acc_step=1.000, train_loss_epoch=0.575, train_acc_epoch=0.820]
Epoch 3:  67% 160/238 [03:28<01:41,  1.30s/it, loss=0.228, v_num=2, train_loss_step=0.074, train_acc_step=1.000, train_loss_epoch=0.575, train_acc_epoch=0.820]
Epoch 3:  76% 180/238 [03:46<01:12,  1.26s/it, loss=0.228, v_num=2, train_loss_step=0.074, train_acc_step=1.000, train_loss_epoch=0.575, train_acc_epoch=0.820]
Epoch 3:  84% 200/238 [04:04<00:46,  1.22s/it, loss=0.228, v_num=2, train_loss_step=0.074, train_acc_step=1.000, train_loss_epoch=0.575, train_acc_epoch=0.820]
Epoch 3:  92% 220/238 [04:22<00:21,  1.19s/it, loss=0.228, v_num=2, train_loss_step=0.074, train_acc_step=1.000, train_loss_epoch=0.575, train_acc_epoch=0.820]
Epoch 3: 100% 238/238 [04:40<00:00,  1.18s/it, loss=0.228, v_num=2, train_loss_step=0.074, train_acc_step=1.000, train_loss_epoch=0.575, train_acc_epoch=0.820]
Validating: 100% 188/188 [02:49<00:00,  1.12it/s]--------------------
Validation avg_loss:  tensor(1.1252, device='cuda:0')
Validation avg_acc:  tensor(0.6233, device='cuda:0')
Writing predictions for ./sst2_dev.csv to ./epoch_3_predictions.csv
--------------------
Epoch 3: 100% 238/238 [04:47<00:00,  1.21s/it, loss=0.24, v_num=2, train_loss_step=0.319, train_acc_step=0.875, train_loss_epoch=0.575, train_acc_epoch=0.820] 
                                                 --------------------
Train avg_loss:  tensor(0.2555, device='cuda:0')
Train avg_acc:  tensor(0.9237, device='cuda:0')
--------------------
Epoch 4:  25% 60/238 [01:57<05:49,  1.97s/it, loss=0.118, v_num=2, train_loss_step=0.0584, train_acc_step=1.000, train_loss_epoch=0.255, train_acc_epoch=0.924]
Validating: 0it [00:00, ?it/s]
Validating:   0% 0/188 [00:00<?, ?it/s]
Epoch 4:  34% 80/238 [02:16<04:29,  1.71s/it, loss=0.118, v_num=2, train_loss_step=0.0584, train_acc_step=1.000, train_loss_epoch=0.255, train_acc_epoch=0.924]
Epoch 4:  42% 100/238 [02:34<03:33,  1.55s/it, loss=0.118, v_num=2, train_loss_step=0.0584, train_acc_step=1.000, train_loss_epoch=0.255, train_acc_epoch=0.924]
Epoch 4:  50% 120/238 [02:52<02:49,  1.44s/it, loss=0.118, v_num=2, train_loss_step=0.0584, train_acc_step=1.000, train_loss_epoch=0.255, train_acc_epoch=0.924]
Epoch 4:  59% 140/238 [03:10<02:13,  1.36s/it, loss=0.118, v_num=2, train_loss_step=0.0584, train_acc_step=1.000, train_loss_epoch=0.255, train_acc_epoch=0.924]
Epoch 4:  67% 160/238 [03:28<01:41,  1.30s/it, loss=0.118, v_num=2, train_loss_step=0.0584, train_acc_step=1.000, train_loss_epoch=0.255, train_acc_epoch=0.924]
Epoch 4:  76% 180/238 [03:46<01:12,  1.26s/it, loss=0.118, v_num=2, train_loss_step=0.0584, train_acc_step=1.000, train_loss_epoch=0.255, train_acc_epoch=0.924]
Epoch 4:  84% 200/238 [04:04<00:46,  1.22s/it, loss=0.118, v_num=2, train_loss_step=0.0584, train_acc_step=1.000, train_loss_epoch=0.255, train_acc_epoch=0.924]
Epoch 4:  92% 220/238 [04:22<00:21,  1.19s/it, loss=0.118, v_num=2, train_loss_step=0.0584, train_acc_step=1.000, train_loss_epoch=0.255, train_acc_epoch=0.924]
Epoch 4: 100% 238/238 [04:40<00:00,  1.18s/it, loss=0.118, v_num=2, train_loss_step=0.0584, train_acc_step=1.000, train_loss_epoch=0.255, train_acc_epoch=0.924]
Validating: 100% 188/188 [02:49<00:00,  1.12it/s]--------------------
Validation avg_loss:  tensor(1.1620, device='cuda:0')
Validation avg_acc:  tensor(0.6287, device='cuda:0')
Writing predictions for ./sst2_dev.csv to ./epoch_4_predictions.csv
--------------------
Epoch 4: 100% 238/238 [04:47<00:00,  1.21s/it, loss=0.121, v_num=2, train_loss_step=0.200, train_acc_step=0.875, train_loss_epoch=0.255, train_acc_epoch=0.924] 
                                                 --------------------
Train avg_loss:  tensor(0.1307, device='cuda:0')
Train avg_acc:  tensor(0.9712, device='cuda:0')
--------------------
Epoch 4: 100% 238/238 [04:56<00:00,  1.24s/it, loss=0.121, v_num=2, train_loss_step=0.200, train_acc_step=0.875, train_loss_epoch=0.255, train_acc_epoch=0.924]