Training arguments Namespace(adam_epsilon=1e-08, distributed_backend=None, early_stop_callback=False, fp_16=False, max_grad_norm=1.0, n_gpu=-1, num_workers=8, opt_level='O1', warmup_steps=0, weight_decay=0.0)
--------------------
Model arguments Namespace(hidden_dropout_prob=0.15, max_input_seq_length=128, model_name_or_path='bert-base-uncased')
--------------------
Other arguments Namespace(DEV_FILE='./sst2_dev.csv', TRAIN_FILE='./train_easy_50_ambi_50_hard_100.csv', do_fast_dev_run=False, eval_batch_size=16, gradient_accumulation_steps=1, learning_rate=5e-05, limit_train_batches=-1, limit_val_batches=-1, max_train_samples=-1, num_train_epochs=5, output_dir='./', predictions_file='predictions.csv', save_last=False, save_top_k=-1, seed=42, train_batch_size=16, write_dev_predictions=True)
--------------------
Global seed set to 42
Some weights of the model checkpoint at bert-base-uncased were not used when initializing BertForMultipleChoice: ['cls.predictions.transform.LayerNorm.weight', 'cls.predictions.transform.dense.weight', 'cls.seq_relationship.weight', 'cls.predictions.decoder.weight', 'cls.predictions.bias', 'cls.seq_relationship.bias', 'cls.predictions.transform.dense.bias', 'cls.predictions.transform.LayerNorm.bias']
- This IS expected if you are initializing BertForMultipleChoice from the checkpoint of a model trained on another task or with another architecture (e.g. initializing a BertForSequenceClassification model from a BertForPreTraining model).
- This IS NOT expected if you are initializing BertForMultipleChoice from the checkpoint of a model that you expect to be exactly identical (initializing a BertForSequenceClassification model from a BertForSequenceClassification model).
Some weights of BertForMultipleChoice were not initialized from the model checkpoint at bert-base-uncased and are newly initialized: ['classifier.weight', 'classifier.bias']
You should probably TRAIN this model on a down-stream task to be able to use it for predictions and inference.
GPU available: True, used: True
TPU available: False, using: 0 TPU cores
IPU available: False, using: 0 IPUs
LOCAL_RANK: 0 - CUDA_VISIBLE_DEVICES: [0]

  | Name  | Type                  | Params
------------------------------------------------
0 | model | BertForMultipleChoice | 109 M 
------------------------------------------------
109 M     Trainable params
0         Non-trainable params
109 M     Total params
437.932   Total estimated model params size (MB)
/usr/local/lib/python3.7/dist-packages/pytorch_lightning/callbacks/model_checkpoint.py:623: UserWarning: Checkpoint directory /content/sample_data exists and is not empty.
  rank_zero_warn(f"Checkpoint directory {dirpath} exists and is not empty.")
Validation sanity check: 0it [00:00, ?it/s]/usr/local/lib/python3.7/dist-packages/torch/utils/data/dataloader.py:481: UserWarning: This DataLoader will create 8 worker processes in total. Our suggested max number of worker in current system is 2, which is smaller than what this DataLoader is going to create. Please be aware that excessive worker creation might get DataLoader running slow or even freeze, lower the worker number to avoid potential slowness/freeze if necessary.
  cpuset_checked))
Validation sanity check:   0% 0/2 [00:00<?, ?it/s]--------------------
Validation avg_loss:  tensor(1.3864, device='cuda:0')
Validation avg_acc:  tensor(0.3750, device='cuda:0')
Writing predictions for ./sst2_dev.csv to ./epoch_0_predictions.csv
--------------------
Global seed set to 42
Epoch 0:  32% 80/250 [02:37<05:35,  1.97s/it, loss=1.18, v_num=3, train_loss_step=1.200, train_acc_step=0.438]
Validating: 0it [00:00, ?it/s]
Epoch 0:  32% 80/250 [02:57<06:16,  2.22s/it, loss=1.18, v_num=3, train_loss_step=1.200, train_acc_step=0.438]
Epoch 0:  40% 100/250 [02:58<04:27,  1.78s/it, loss=1.18, v_num=3, train_loss_step=1.200, train_acc_step=0.438]
Epoch 0:  48% 120/250 [03:17<03:33,  1.65s/it, loss=1.18, v_num=3, train_loss_step=1.200, train_acc_step=0.438]
Epoch 0:  56% 140/250 [03:36<02:50,  1.55s/it, loss=1.18, v_num=3, train_loss_step=1.200, train_acc_step=0.438]
Epoch 0:  64% 160/250 [03:56<02:12,  1.48s/it, loss=1.18, v_num=3, train_loss_step=1.200, train_acc_step=0.438]
Epoch 0:  72% 180/250 [04:15<01:39,  1.42s/it, loss=1.18, v_num=3, train_loss_step=1.200, train_acc_step=0.438]
Epoch 0:  80% 200/250 [04:35<01:08,  1.38s/it, loss=1.18, v_num=3, train_loss_step=1.200, train_acc_step=0.438]
Epoch 0:  88% 220/250 [04:54<00:40,  1.34s/it, loss=1.18, v_num=3, train_loss_step=1.200, train_acc_step=0.438]
Epoch 0:  96% 240/250 [05:13<00:13,  1.31s/it, loss=1.18, v_num=3, train_loss_step=1.200, train_acc_step=0.438]
Epoch 0: 100% 250/250 [05:33<00:00,  1.33s/it, loss=1.18, v_num=3, train_loss_step=1.200, train_acc_step=0.438]
Validating: 100% 188/188 [03:02<00:00,  1.04it/s]--------------------
Validation avg_loss:  tensor(1.0294, device='cuda:0')
Validation avg_acc:  tensor(0.5824, device='cuda:0')
Writing predictions for ./sst2_dev.csv to ./epoch_0_predictions.csv
--------------------
Epoch 0: 100% 250/250 [05:40<00:00,  1.36s/it, loss=1.16, v_num=3, train_loss_step=0.911, train_acc_step=0.625]
                                                 --------------------
Train avg_loss:  tensor(1.2932, device='cuda:0')
Train avg_acc:  tensor(0.3659, device='cuda:0')
--------------------
tcmalloc: large alloc 1092804608 bytes == 0x55a14d0fa000 @  0x7f4e89d3e615 0x55a030c0b4cc 0x55a030ceb47a 0x55a030c11f0c 0x7f4e84f909e4 0x7f4e84f98b14 0x7f4e84f6da60 0x7f4ddc74bf55 0x7f4ddc74788e 0x7f4ddc74f235 0x7f4e84f6dfae 0x7f4e846e4aa8 0x55a030c0f098 0x55a030c824d9 0x55a030c7cced 0x55a030c0fbda 0x55a030c7d915 0x55a030c7c9ee 0x55a030c0fbda 0x55a030c81d00 0x55a030c0fafa 0x55a030c7d915 0x55a030c7c9ee 0x55a030c0fbda 0x55a030c7dc0d 0x55a030c0fafa 0x55a030c7dc0d 0x55a030c7c9ee 0x55a030c0fbda 0x55a030c7dc0d 0x55a030c7c9ee
tcmalloc: large alloc 1366007808 bytes == 0x55a0d415e000 @  0x7f4e89d3e615 0x55a030c0b4cc 0x55a030ceb47a 0x55a030c11f0c 0x7f4e84f909e4 0x7f4e84f98b14 0x7f4e84f6da60 0x7f4ddc74bf55 0x7f4ddc74788e 0x7f4ddc74f235 0x7f4e84f6dfae 0x7f4e846e4aa8 0x55a030c0f098 0x55a030c824d9 0x55a030c7cced 0x55a030c0fbda 0x55a030c7d915 0x55a030c7c9ee 0x55a030c0fbda 0x55a030c81d00 0x55a030c0fafa 0x55a030c7d915 0x55a030c7c9ee 0x55a030c0fbda 0x55a030c7dc0d 0x55a030c0fafa 0x55a030c7dc0d 0x55a030c7c9ee 0x55a030c0fbda 0x55a030c7dc0d 0x55a030c7c9ee
tcmalloc: large alloc 1707515904 bytes == 0x55a14d0fa000 @  0x7f4e89d3e615 0x55a030c0b4cc 0x55a030ceb47a 0x55a030c11f0c 0x7f4e84f909e4 0x7f4e84f98b14 0x7f4e84f6da60 0x7f4ddc74bf55 0x7f4ddc74788e 0x7f4ddc74f235 0x7f4e84f6dfae 0x7f4e846e4aa8 0x55a030c0f098 0x55a030c824d9 0x55a030c7cced 0x55a030c0fbda 0x55a030c7d915 0x55a030c7c9ee 0x55a030c0fbda 0x55a030c81d00 0x55a030c0fafa 0x55a030c7d915 0x55a030c7c9ee 0x55a030c0fbda 0x55a030c7dc0d 0x55a030c0fafa 0x55a030c7dc0d 0x55a030c7c9ee 0x55a030c0fbda 0x55a030c7dc0d 0x55a030c7c9ee
Epoch 1:  32% 80/250 [02:37<05:34,  1.97s/it, loss=0.864, v_num=3, train_loss_step=0.795, train_acc_step=0.750, train_loss_epoch=1.290, train_acc_epoch=0.366]
Validating: 0it [00:00, ?it/s]
Epoch 1:  32% 80/250 [02:56<06:15,  2.21s/it, loss=0.864, v_num=3, train_loss_step=0.795, train_acc_step=0.750, train_loss_epoch=1.290, train_acc_epoch=0.366]
Epoch 1:  40% 100/250 [02:57<04:26,  1.78s/it, loss=0.864, v_num=3, train_loss_step=0.795, train_acc_step=0.750, train_loss_epoch=1.290, train_acc_epoch=0.366]
Epoch 1:  48% 120/250 [03:17<03:33,  1.64s/it, loss=0.864, v_num=3, train_loss_step=0.795, train_acc_step=0.750, train_loss_epoch=1.290, train_acc_epoch=0.366]
Epoch 1:  56% 140/250 [03:36<02:50,  1.55s/it, loss=0.864, v_num=3, train_loss_step=0.795, train_acc_step=0.750, train_loss_epoch=1.290, train_acc_epoch=0.366]
Epoch 1:  64% 160/250 [03:55<02:12,  1.47s/it, loss=0.864, v_num=3, train_loss_step=0.795, train_acc_step=0.750, train_loss_epoch=1.290, train_acc_epoch=0.366]
Epoch 1:  72% 180/250 [04:15<01:39,  1.42s/it, loss=0.864, v_num=3, train_loss_step=0.795, train_acc_step=0.750, train_loss_epoch=1.290, train_acc_epoch=0.366]
Epoch 1:  80% 200/250 [04:34<01:08,  1.37s/it, loss=0.864, v_num=3, train_loss_step=0.795, train_acc_step=0.750, train_loss_epoch=1.290, train_acc_epoch=0.366]
Epoch 1:  88% 220/250 [04:54<00:40,  1.34s/it, loss=0.864, v_num=3, train_loss_step=0.795, train_acc_step=0.750, train_loss_epoch=1.290, train_acc_epoch=0.366]
Epoch 1:  96% 240/250 [05:13<00:13,  1.31s/it, loss=0.864, v_num=3, train_loss_step=0.795, train_acc_step=0.750, train_loss_epoch=1.290, train_acc_epoch=0.366]
Epoch 1: 100% 250/250 [05:32<00:00,  1.33s/it, loss=0.864, v_num=3, train_loss_step=0.795, train_acc_step=0.750, train_loss_epoch=1.290, train_acc_epoch=0.366]
Validating: 100% 188/188 [03:03<00:00,  1.03it/s]--------------------
Validation avg_loss:  tensor(0.9152, device='cuda:0')
Validation avg_acc:  tensor(0.6386, device='cuda:0')
Writing predictions for ./sst2_dev.csv to ./epoch_1_predictions.csv
--------------------
Epoch 1: 100% 250/250 [05:40<00:00,  1.36s/it, loss=0.867, v_num=3, train_loss_step=0.900, train_acc_step=0.750, train_loss_epoch=1.290, train_acc_epoch=0.366]
                                                 --------------------
Train avg_loss:  tensor(0.9046, device='cuda:0')
Train avg_acc:  tensor(0.6542, device='cuda:0')
--------------------
tcmalloc: large alloc 1707515904 bytes == 0x55a0d415e000 @  0x7f4e89d3e615 0x55a030c0b4cc 0x55a030ceb47a 0x55a030c11f0c 0x7f4e84f909e4 0x7f4e84f98b14 0x7f4e84f6da60 0x7f4ddc74bf55 0x7f4ddc74788e 0x7f4ddc74f235 0x7f4e84f6dfae 0x7f4e846e4aa8 0x55a030c0f098 0x55a030c824d9 0x55a030c7cced 0x55a030c0fbda 0x55a030c7d915 0x55a030c7c9ee 0x55a030c0fbda 0x55a030c81d00 0x55a030c0fafa 0x55a030c7d915 0x55a030c7c9ee 0x55a030c0fbda 0x55a030c7dc0d 0x55a030c0fafa 0x55a030c7dc0d 0x55a030c7c9ee 0x55a030c0fbda 0x55a030c7dc0d 0x55a030c7c9ee
Epoch 2:  32% 80/250 [02:37<05:34,  1.97s/it, loss=0.379, v_num=3, train_loss_step=0.535, train_acc_step=0.812, train_loss_epoch=0.905, train_acc_epoch=0.654]
Validating: 0it [00:00, ?it/s]
Epoch 2:  32% 80/250 [02:56<06:15,  2.21s/it, loss=0.379, v_num=3, train_loss_step=0.535, train_acc_step=0.812, train_loss_epoch=0.905, train_acc_epoch=0.654]
Epoch 2:  40% 100/250 [02:57<04:26,  1.78s/it, loss=0.379, v_num=3, train_loss_step=0.535, train_acc_step=0.812, train_loss_epoch=0.905, train_acc_epoch=0.654]
Epoch 2:  48% 120/250 [03:17<03:33,  1.64s/it, loss=0.379, v_num=3, train_loss_step=0.535, train_acc_step=0.812, train_loss_epoch=0.905, train_acc_epoch=0.654]
Epoch 2:  56% 140/250 [03:36<02:50,  1.55s/it, loss=0.379, v_num=3, train_loss_step=0.535, train_acc_step=0.812, train_loss_epoch=0.905, train_acc_epoch=0.654]
Epoch 2:  64% 160/250 [03:56<02:12,  1.48s/it, loss=0.379, v_num=3, train_loss_step=0.535, train_acc_step=0.812, train_loss_epoch=0.905, train_acc_epoch=0.654]
Epoch 2:  72% 180/250 [04:15<01:39,  1.42s/it, loss=0.379, v_num=3, train_loss_step=0.535, train_acc_step=0.812, train_loss_epoch=0.905, train_acc_epoch=0.654]
Epoch 2:  80% 200/250 [04:35<01:08,  1.38s/it, loss=0.379, v_num=3, train_loss_step=0.535, train_acc_step=0.812, train_loss_epoch=0.905, train_acc_epoch=0.654]
Epoch 2:  88% 220/250 [04:54<00:40,  1.34s/it, loss=0.379, v_num=3, train_loss_step=0.535, train_acc_step=0.812, train_loss_epoch=0.905, train_acc_epoch=0.654]
Epoch 2:  96% 240/250 [05:13<00:13,  1.31s/it, loss=0.379, v_num=3, train_loss_step=0.535, train_acc_step=0.812, train_loss_epoch=0.905, train_acc_epoch=0.654]
Epoch 2: 100% 250/250 [05:33<00:00,  1.33s/it, loss=0.379, v_num=3, train_loss_step=0.535, train_acc_step=0.812, train_loss_epoch=0.905, train_acc_epoch=0.654]
Validating: 100% 188/188 [03:03<00:00,  1.03it/s]--------------------
Validation avg_loss:  tensor(1.0546, device='cuda:0')
Validation avg_acc:  tensor(0.6280, device='cuda:0')
Writing predictions for ./sst2_dev.csv to ./epoch_2_predictions.csv
--------------------
Epoch 2: 100% 250/250 [05:40<00:00,  1.36s/it, loss=0.378, v_num=3, train_loss_step=0.424, train_acc_step=0.938, train_loss_epoch=0.905, train_acc_epoch=0.654]
                                                 --------------------
Train avg_loss:  tensor(0.4107, device='cuda:0')
Train avg_acc:  tensor(0.8569, device='cuda:0')
--------------------
Epoch 3:  32% 80/250 [02:37<05:34,  1.97s/it, loss=0.181, v_num=3, train_loss_step=0.217, train_acc_step=0.938, train_loss_epoch=0.411, train_acc_epoch=0.857]
Validating: 0it [00:00, ?it/s]
Epoch 3:  32% 80/250 [02:56<06:15,  2.21s/it, loss=0.181, v_num=3, train_loss_step=0.217, train_acc_step=0.938, train_loss_epoch=0.411, train_acc_epoch=0.857]
Epoch 3:  40% 100/250 [02:57<04:26,  1.78s/it, loss=0.181, v_num=3, train_loss_step=0.217, train_acc_step=0.938, train_loss_epoch=0.411, train_acc_epoch=0.857]
Epoch 3:  48% 120/250 [03:17<03:33,  1.64s/it, loss=0.181, v_num=3, train_loss_step=0.217, train_acc_step=0.938, train_loss_epoch=0.411, train_acc_epoch=0.857]
Epoch 3:  56% 140/250 [03:36<02:50,  1.55s/it, loss=0.181, v_num=3, train_loss_step=0.217, train_acc_step=0.938, train_loss_epoch=0.411, train_acc_epoch=0.857]
Epoch 3:  64% 160/250 [03:55<02:12,  1.47s/it, loss=0.181, v_num=3, train_loss_step=0.217, train_acc_step=0.938, train_loss_epoch=0.411, train_acc_epoch=0.857]
Epoch 3:  72% 180/250 [04:15<01:39,  1.42s/it, loss=0.181, v_num=3, train_loss_step=0.217, train_acc_step=0.938, train_loss_epoch=0.411, train_acc_epoch=0.857]
Epoch 3:  80% 200/250 [04:34<01:08,  1.37s/it, loss=0.181, v_num=3, train_loss_step=0.217, train_acc_step=0.938, train_loss_epoch=0.411, train_acc_epoch=0.857]
Epoch 3:  96% 240/250 [05:13<00:13,  1.31s/it, loss=0.181, v_num=3, train_loss_step=0.217, train_acc_step=0.938, train_loss_epoch=0.411, train_acc_epoch=0.857]
Epoch 3: 100% 250/250 [05:33<00:00,  1.33s/it, loss=0.181, v_num=3, train_loss_step=0.217, train_acc_step=0.938, train_loss_epoch=0.411, train_acc_epoch=0.857]
Validating: 100% 188/188 [03:03<00:00,  1.03it/s]--------------------
Validation avg_loss:  tensor(1.0966, device='cuda:0')
Validation avg_acc:  tensor(0.6400, device='cuda:0')
Writing predictions for ./sst2_dev.csv to ./epoch_3_predictions.csv
--------------------
Epoch 3: 100% 250/250 [05:40<00:00,  1.36s/it, loss=0.175, v_num=3, train_loss_step=0.119, train_acc_step=1.000, train_loss_epoch=0.411, train_acc_epoch=0.857]
                                                 --------------------
Train avg_loss:  tensor(0.1970, device='cuda:0')
Train avg_acc:  tensor(0.9425, device='cuda:0')
--------------------
Epoch 4:  32% 80/250 [02:36<05:33,  1.96s/it, loss=0.103, v_num=3, train_loss_step=0.0152, train_acc_step=1.000, train_loss_epoch=0.197, train_acc_epoch=0.943]
Validating: 0it [00:00, ?it/s]
Epoch 4:  32% 80/250 [02:47<05:55,  2.09s/it, loss=0.103, v_num=3, train_loss_step=0.0152, train_acc_step=1.000, train_loss_epoch=0.197, train_acc_epoch=0.943]
Epoch 4:  40% 100/250 [02:57<04:25,  1.77s/it, loss=0.103, v_num=3, train_loss_step=0.0152, train_acc_step=1.000, train_loss_epoch=0.197, train_acc_epoch=0.943]
Epoch 4:  48% 120/250 [03:16<03:33,  1.64s/it, loss=0.103, v_num=3, train_loss_step=0.0152, train_acc_step=1.000, train_loss_epoch=0.197, train_acc_epoch=0.943]
Epoch 4:  56% 140/250 [03:36<02:49,  1.54s/it, loss=0.103, v_num=3, train_loss_step=0.0152, train_acc_step=1.000, train_loss_epoch=0.197, train_acc_epoch=0.943]
Epoch 4:  64% 160/250 [03:55<02:12,  1.47s/it, loss=0.103, v_num=3, train_loss_step=0.0152, train_acc_step=1.000, train_loss_epoch=0.197, train_acc_epoch=0.943]
Epoch 4:  72% 180/250 [04:14<01:39,  1.42s/it, loss=0.103, v_num=3, train_loss_step=0.0152, train_acc_step=1.000, train_loss_epoch=0.197, train_acc_epoch=0.943]
Epoch 4:  80% 200/250 [04:34<01:08,  1.37s/it, loss=0.103, v_num=3, train_loss_step=0.0152, train_acc_step=1.000, train_loss_epoch=0.197, train_acc_epoch=0.943]
Epoch 4:  88% 220/250 [04:53<00:40,  1.33s/it, loss=0.103, v_num=3, train_loss_step=0.0152, train_acc_step=1.000, train_loss_epoch=0.197, train_acc_epoch=0.943]
Epoch 4:  96% 240/250 [05:12<00:13,  1.30s/it, loss=0.103, v_num=3, train_loss_step=0.0152, train_acc_step=1.000, train_loss_epoch=0.197, train_acc_epoch=0.943]
Epoch 4: 100% 250/250 [05:32<00:00,  1.33s/it, loss=0.103, v_num=3, train_loss_step=0.0152, train_acc_step=1.000, train_loss_epoch=0.197, train_acc_epoch=0.943]
Validating: 100% 188/188 [03:02<00:00,  1.03it/s]--------------------
Validation avg_loss:  tensor(1.1493, device='cuda:0')
Validation avg_acc:  tensor(0.6423, device='cuda:0')
Writing predictions for ./sst2_dev.csv to ./epoch_4_predictions.csv
--------------------
Epoch 4: 100% 250/250 [05:39<00:00,  1.36s/it, loss=0.101, v_num=3, train_loss_step=0.0789, train_acc_step=1.000, train_loss_epoch=0.197, train_acc_epoch=0.943]
                                                 --------------------
Train avg_loss:  tensor(0.1043, device='cuda:0')
Train avg_acc:  tensor(0.9758, device='cuda:0')
--------------------
Epoch 4: 100% 250/250 [05:48<00:00,  1.39s/it, loss=0.101, v_num=3, train_loss_step=0.0789, train_acc_step=1.000, train_loss_epoch=0.197, train_acc_epoch=0.943]
